<?xml version="1.0" encoding="UTF-8" standalone="no"?>
<!DOCTYPE report PUBLIC "-//JACOCO//DTD Report 1.1//EN" "report.dtd"[]>
<report name="Pester (03/12/2025 17:07:03)">
  <sessioninfo id="this" start="1741799221591" dump="1741799223936" />
  <package name="MetaNull.ModuleMaker">
    <class name="MetaNull.ModuleMaker/Build" sourcefilename="Build.ps1">
      <method name="&lt;script&gt;" desc="()" line="27">
        <counter type="INSTRUCTION" missed="248" covered="0" />
        <counter type="LINE" missed="140" covered="0" />
        <counter type="METHOD" missed="1" covered="0" />
      </method>
      <counter type="INSTRUCTION" missed="248" covered="0" />
      <counter type="LINE" missed="140" covered="0" />
      <counter type="METHOD" missed="1" covered="0" />
      <counter type="CLASS" missed="1" covered="0" />
    </class>
    <class name="MetaNull.ModuleMaker/Publish" sourcefilename="Publish.ps1">
      <method name="&lt;script&gt;" desc="()" line="23">
        <counter type="INSTRUCTION" missed="23" covered="0" />
        <counter type="LINE" missed="13" covered="0" />
        <counter type="METHOD" missed="1" covered="0" />
      </method>
      <counter type="INSTRUCTION" missed="23" covered="0" />
      <counter type="LINE" missed="13" covered="0" />
      <counter type="METHOD" missed="1" covered="0" />
      <counter type="CLASS" missed="1" covered="0" />
    </class>
    <sourcefile name="Build.ps1">
      <line nr="27" mi="1" ci="0" mb="0" cb="0" />
      <line nr="29" mi="1" ci="0" mb="0" cb="0" />
      <line nr="31" mi="2" ci="0" mb="0" cb="0" />
      <line nr="34" mi="1" ci="0" mb="0" cb="0" />
      <line nr="35" mi="1" ci="0" mb="0" cb="0" />
      <line nr="37" mi="2" ci="0" mb="0" cb="0" />
      <line nr="40" mi="1" ci="0" mb="0" cb="0" />
      <line nr="41" mi="1" ci="0" mb="0" cb="0" />
      <line nr="44" mi="2" ci="0" mb="0" cb="0" />
      <line nr="45" mi="2" ci="0" mb="0" cb="0" />
      <line nr="46" mi="2" ci="0" mb="0" cb="0" />
      <line nr="50" mi="1" ci="0" mb="0" cb="0" />
      <line nr="51" mi="1" ci="0" mb="0" cb="0" />
      <line nr="52" mi="2" ci="0" mb="0" cb="0" />
      <line nr="53" mi="2" ci="0" mb="0" cb="0" />
      <line nr="56" mi="3" ci="0" mb="0" cb="0" />
      <line nr="57" mi="3" ci="0" mb="0" cb="0" />
      <line nr="58" mi="2" ci="0" mb="0" cb="0" />
      <line nr="59" mi="2" ci="0" mb="0" cb="0" />
      <line nr="64" mi="1" ci="0" mb="0" cb="0" />
      <line nr="65" mi="2" ci="0" mb="0" cb="0" />
      <line nr="66" mi="2" ci="0" mb="0" cb="0" />
      <line nr="67" mi="1" ci="0" mb="0" cb="0" />
      <line nr="68" mi="2" ci="0" mb="0" cb="0" />
      <line nr="71" mi="1" ci="0" mb="0" cb="0" />
      <line nr="72" mi="1" ci="0" mb="0" cb="0" />
      <line nr="73" mi="1" ci="0" mb="0" cb="0" />
      <line nr="74" mi="1" ci="0" mb="0" cb="0" />
      <line nr="75" mi="1" ci="0" mb="0" cb="0" />
      <line nr="77" mi="1" ci="0" mb="0" cb="0" />
      <line nr="78" mi="1" ci="0" mb="0" cb="0" />
      <line nr="79" mi="1" ci="0" mb="0" cb="0" />
      <line nr="81" mi="1" ci="0" mb="0" cb="0" />
      <line nr="82" mi="1" ci="0" mb="0" cb="0" />
      <line nr="84" mi="1" ci="0" mb="0" cb="0" />
      <line nr="85" mi="5" ci="0" mb="0" cb="0" />
      <line nr="86" mi="2" ci="0" mb="0" cb="0" />
      <line nr="89" mi="2" ci="0" mb="0" cb="0" />
      <line nr="90" mi="2" ci="0" mb="0" cb="0" />
      <line nr="91" mi="1" ci="0" mb="0" cb="0" />
      <line nr="92" mi="1" ci="0" mb="0" cb="0" />
      <line nr="94" mi="1" ci="0" mb="0" cb="0" />
      <line nr="95" mi="2" ci="0" mb="0" cb="0" />
      <line nr="96" mi="1" ci="0" mb="0" cb="0" />
      <line nr="99" mi="1" ci="0" mb="0" cb="0" />
      <line nr="100" mi="3" ci="0" mb="0" cb="0" />
      <line nr="103" mi="2" ci="0" mb="0" cb="0" />
      <line nr="104" mi="2" ci="0" mb="0" cb="0" />
      <line nr="105" mi="2" ci="0" mb="0" cb="0" />
      <line nr="108" mi="2" ci="0" mb="0" cb="0" />
      <line nr="109" mi="2" ci="0" mb="0" cb="0" />
      <line nr="110" mi="2" ci="0" mb="0" cb="0" />
      <line nr="113" mi="1" ci="0" mb="0" cb="0" />
      <line nr="114" mi="2" ci="0" mb="0" cb="0" />
      <line nr="115" mi="2" ci="0" mb="0" cb="0" />
      <line nr="118" mi="1" ci="0" mb="0" cb="0" />
      <line nr="119" mi="2" ci="0" mb="0" cb="0" />
      <line nr="120" mi="2" ci="0" mb="0" cb="0" />
      <line nr="122" mi="1" ci="0" mb="0" cb="0" />
      <line nr="124" mi="1" ci="0" mb="0" cb="0" />
      <line nr="142" mi="1" ci="0" mb="0" cb="0" />
      <line nr="145" mi="1" ci="0" mb="0" cb="0" />
      <line nr="148" mi="1" ci="0" mb="0" cb="0" />
      <line nr="151" mi="1" ci="0" mb="0" cb="0" />
      <line nr="152" mi="2" ci="0" mb="0" cb="0" />
      <line nr="153" mi="1" ci="0" mb="0" cb="0" />
      <line nr="154" mi="1" ci="0" mb="0" cb="0" />
      <line nr="155" mi="1" ci="0" mb="0" cb="0" />
      <line nr="156" mi="1" ci="0" mb="0" cb="0" />
      <line nr="160" mi="2" ci="0" mb="0" cb="0" />
      <line nr="164" mi="1" ci="0" mb="0" cb="0" />
      <line nr="165" mi="2" ci="0" mb="0" cb="0" />
      <line nr="166" mi="3" ci="0" mb="0" cb="0" />
      <line nr="169" mi="3" ci="0" mb="0" cb="0" />
      <line nr="173" mi="1" ci="0" mb="0" cb="0" />
      <line nr="175" mi="2" ci="0" mb="0" cb="0" />
      <line nr="176" mi="1" ci="0" mb="0" cb="0" />
      <line nr="177" mi="2" ci="0" mb="0" cb="0" />
      <line nr="178" mi="2" ci="0" mb="0" cb="0" />
      <line nr="183" mi="3" ci="0" mb="0" cb="0" />
      <line nr="184" mi="1" ci="0" mb="0" cb="0" />
      <line nr="185" mi="2" ci="0" mb="0" cb="0" />
      <line nr="186" mi="2" ci="0" mb="0" cb="0" />
      <line nr="190" mi="3" ci="0" mb="0" cb="0" />
      <line nr="191" mi="1" ci="0" mb="0" cb="0" />
      <line nr="192" mi="1" ci="0" mb="0" cb="0" />
      <line nr="193" mi="3" ci="0" mb="0" cb="0" />
      <line nr="194" mi="3" ci="0" mb="0" cb="0" />
      <line nr="195" mi="2" ci="0" mb="0" cb="0" />
      <line nr="196" mi="2" ci="0" mb="0" cb="0" />
      <line nr="200" mi="3" ci="0" mb="0" cb="0" />
      <line nr="201" mi="1" ci="0" mb="0" cb="0" />
      <line nr="202" mi="1" ci="0" mb="0" cb="0" />
      <line nr="203" mi="3" ci="0" mb="0" cb="0" />
      <line nr="204" mi="3" ci="0" mb="0" cb="0" />
      <line nr="205" mi="2" ci="0" mb="0" cb="0" />
      <line nr="206" mi="2" ci="0" mb="0" cb="0" />
      <line nr="207" mi="1" ci="0" mb="0" cb="0" />
      <line nr="212" mi="3" ci="0" mb="0" cb="0" />
      <line nr="213" mi="1" ci="0" mb="0" cb="0" />
      <line nr="214" mi="2" ci="0" mb="0" cb="0" />
      <line nr="215" mi="2" ci="0" mb="0" cb="0" />
      <line nr="225" mi="3" ci="0" mb="0" cb="0" />
      <line nr="226" mi="1" ci="0" mb="0" cb="0" />
      <line nr="227" mi="2" ci="0" mb="0" cb="0" />
      <line nr="228" mi="1" ci="0" mb="0" cb="0" />
      <line nr="229" mi="2" ci="0" mb="0" cb="0" />
      <line nr="233" mi="3" ci="0" mb="0" cb="0" />
      <line nr="234" mi="1" ci="0" mb="0" cb="0" />
      <line nr="235" mi="2" ci="0" mb="0" cb="0" />
      <line nr="236" mi="1" ci="0" mb="0" cb="0" />
      <line nr="237" mi="2" ci="0" mb="0" cb="0" />
      <line nr="241" mi="4" ci="0" mb="0" cb="0" />
      <line nr="242" mi="1" ci="0" mb="0" cb="0" />
      <line nr="243" mi="3" ci="0" mb="0" cb="0" />
      <line nr="247" mi="1" ci="0" mb="0" cb="0" />
      <line nr="248" mi="1" ci="0" mb="0" cb="0" />
      <line nr="249" mi="2" ci="0" mb="0" cb="0" />
      <line nr="250" mi="1" ci="0" mb="0" cb="0" />
      <line nr="251" mi="1" ci="0" mb="0" cb="0" />
      <line nr="252" mi="1" ci="0" mb="0" cb="0" />
      <line nr="253" mi="6" ci="0" mb="0" cb="0" />
      <line nr="254" mi="6" ci="0" mb="0" cb="0" />
      <line nr="256" mi="1" ci="0" mb="0" cb="0" />
      <line nr="257" mi="1" ci="0" mb="0" cb="0" />
      <line nr="259" mi="1" ci="0" mb="0" cb="0" />
      <line nr="260" mi="1" ci="0" mb="0" cb="0" />
      <line nr="263" mi="1" ci="0" mb="0" cb="0" />
      <line nr="266" mi="2" ci="0" mb="0" cb="0" />
      <line nr="267" mi="1" ci="0" mb="0" cb="0" />
      <line nr="270" mi="3" ci="0" mb="0" cb="0" />
      <line nr="128" mi="1" ci="0" mb="0" cb="0" />
      <line nr="130" mi="1" ci="0" mb="0" cb="0" />
      <line nr="131" mi="2" ci="0" mb="0" cb="0" />
      <line nr="132" mi="3" ci="0" mb="0" cb="0" />
      <line nr="133" mi="3" ci="0" mb="0" cb="0" />
      <line nr="134" mi="3" ci="0" mb="0" cb="0" />
      <line nr="135" mi="3" ci="0" mb="0" cb="0" />
      <line nr="136" mi="2" ci="0" mb="0" cb="0" />
      <line nr="138" mi="2" ci="0" mb="0" cb="0" />
      <counter type="INSTRUCTION" missed="248" covered="0" />
      <counter type="LINE" missed="140" covered="0" />
      <counter type="METHOD" missed="1" covered="0" />
      <counter type="CLASS" missed="1" covered="0" />
    </sourcefile>
    <sourcefile name="Publish.ps1">
      <line nr="23" mi="1" ci="0" mb="0" cb="0" />
      <line nr="24" mi="1" ci="0" mb="0" cb="0" />
      <line nr="26" mi="1" ci="0" mb="0" cb="0" />
      <line nr="40" mi="1" ci="0" mb="0" cb="0" />
      <line nr="42" mi="1" ci="0" mb="0" cb="0" />
      <line nr="44" mi="1" ci="0" mb="0" cb="0" />
      <line nr="45" mi="2" ci="0" mb="0" cb="0" />
      <line nr="46" mi="2" ci="0" mb="0" cb="0" />
      <line nr="48" mi="2" ci="0" mb="0" cb="0" />
      <line nr="49" mi="5" ci="0" mb="0" cb="0" />
      <line nr="51" mi="4" ci="0" mb="0" cb="0" />
      <line nr="54" mi="1" ci="0" mb="0" cb="0" />
      <line nr="57" mi="1" ci="0" mb="0" cb="0" />
      <counter type="INSTRUCTION" missed="23" covered="0" />
      <counter type="LINE" missed="13" covered="0" />
      <counter type="METHOD" missed="1" covered="0" />
      <counter type="CLASS" missed="1" covered="0" />
    </sourcefile>
    <counter type="INSTRUCTION" missed="271" covered="0" />
    <counter type="LINE" missed="153" covered="0" />
    <counter type="METHOD" missed="2" covered="0" />
    <counter type="CLASS" missed="2" covered="0" />
  </package>
  <package name="MetaNull.ModuleMaker/build/MetaNull.ModuleMaker/0.0.14.0">
    <class name="MetaNull.ModuleMaker/build/MetaNull.ModuleMaker/0.0.14.0/MetaNull.ModuleMaker" sourcefilename="build/MetaNull.ModuleMaker/0.0.14.0/MetaNull.ModuleMaker.psm1">
      <method name="&lt;script&gt;" desc="()" line="3">
        <counter type="INSTRUCTION" missed="1" covered="0" />
        <counter type="LINE" missed="1" covered="0" />
        <counter type="METHOD" missed="1" covered="0" />
      </method>
      <method name="Get-ResourceDirectory" desc="()" line="16">
        <counter type="INSTRUCTION" missed="8" covered="0" />
        <counter type="LINE" missed="3" covered="0" />
        <counter type="METHOD" missed="1" covered="0" />
      </method>
      <method name="Test-JoinPath" desc="()" line="69">
        <counter type="INSTRUCTION" missed="9" covered="0" />
        <counter type="LINE" missed="8" covered="0" />
        <counter type="METHOD" missed="1" covered="0" />
      </method>
      <method name="New-Module" desc="()" line="102">
        <counter type="INSTRUCTION" missed="76" covered="0" />
        <counter type="LINE" missed="51" covered="0" />
        <counter type="METHOD" missed="1" covered="0" />
      </method>
      <counter type="INSTRUCTION" missed="94" covered="0" />
      <counter type="LINE" missed="63" covered="0" />
      <counter type="METHOD" missed="4" covered="0" />
      <counter type="CLASS" missed="1" covered="0" />
    </class>
    <sourcefile name="build/MetaNull.ModuleMaker/0.0.14.0/MetaNull.ModuleMaker.psm1">
      <line nr="3" mi="1" ci="0" mb="0" cb="0" />
      <line nr="16" mi="2" ci="0" mb="0" cb="0" />
      <line nr="19" mi="2" ci="0" mb="0" cb="0" />
      <line nr="22" mi="4" ci="0" mb="0" cb="0" />
      <line nr="69" mi="1" ci="0" mb="0" cb="0" />
      <line nr="70" mi="1" ci="0" mb="0" cb="0" />
      <line nr="71" mi="1" ci="0" mb="0" cb="0" />
      <line nr="72" mi="1" ci="0" mb="0" cb="0" />
      <line nr="74" mi="1" ci="0" mb="0" cb="0" />
      <line nr="77" mi="1" ci="0" mb="0" cb="0" />
      <line nr="78" mi="1" ci="0" mb="0" cb="0" />
      <line nr="80" mi="2" ci="0" mb="0" cb="0" />
      <line nr="102" mi="1" ci="0" mb="0" cb="0" />
      <line nr="109" mi="1" ci="0" mb="0" cb="0" />
      <line nr="123" mi="1" ci="0" mb="0" cb="0" />
      <line nr="124" mi="1" ci="0" mb="0" cb="0" />
      <line nr="129" mi="1" ci="0" mb="0" cb="0" />
      <line nr="136" mi="1" ci="0" mb="0" cb="0" />
      <line nr="146" mi="2" ci="0" mb="0" cb="0" />
      <line nr="163" mi="1" ci="0" mb="0" cb="0" />
      <line nr="164" mi="1" ci="0" mb="0" cb="0" />
      <line nr="166" mi="1" ci="0" mb="0" cb="0" />
      <line nr="167" mi="1" ci="0" mb="0" cb="0" />
      <line nr="168" mi="1" ci="0" mb="0" cb="0" />
      <line nr="169" mi="2" ci="0" mb="0" cb="0" />
      <line nr="170" mi="1" ci="0" mb="0" cb="0" />
      <line nr="172" mi="1" ci="0" mb="0" cb="0" />
      <line nr="176" mi="1" ci="0" mb="0" cb="0" />
      <line nr="177" mi="2" ci="0" mb="0" cb="0" />
      <line nr="178" mi="2" ci="0" mb="0" cb="0" />
      <line nr="179" mi="2" ci="0" mb="0" cb="0" />
      <line nr="180" mi="2" ci="0" mb="0" cb="0" />
      <line nr="181" mi="2" ci="0" mb="0" cb="0" />
      <line nr="182" mi="2" ci="0" mb="0" cb="0" />
      <line nr="183" mi="2" ci="0" mb="0" cb="0" />
      <line nr="186" mi="2" ci="0" mb="0" cb="0" />
      <line nr="189" mi="2" ci="0" mb="0" cb="0" />
      <line nr="192" mi="4" ci="0" mb="0" cb="0" />
      <line nr="194" mi="1" ci="0" mb="0" cb="0" />
      <line nr="195" mi="1" ci="0" mb="0" cb="0" />
      <line nr="196" mi="1" ci="0" mb="0" cb="0" />
      <line nr="199" mi="2" ci="0" mb="0" cb="0" />
      <line nr="200" mi="1" ci="0" mb="0" cb="0" />
      <line nr="201" mi="1" ci="0" mb="0" cb="0" />
      <line nr="202" mi="2" ci="0" mb="0" cb="0" />
      <line nr="203" mi="1" ci="0" mb="0" cb="0" />
      <line nr="204" mi="1" ci="0" mb="0" cb="0" />
      <line nr="205" mi="1" ci="0" mb="0" cb="0" />
      <line nr="206" mi="1" ci="0" mb="0" cb="0" />
      <line nr="207" mi="1" ci="0" mb="0" cb="0" />
      <line nr="208" mi="1" ci="0" mb="0" cb="0" />
      <line nr="209" mi="1" ci="0" mb="0" cb="0" />
      <line nr="210" mi="1" ci="0" mb="0" cb="0" />
      <line nr="212" mi="1" ci="0" mb="0" cb="0" />
      <line nr="213" mi="3" ci="0" mb="0" cb="0" />
      <line nr="215" mi="1" ci="0" mb="0" cb="0" />
      <line nr="216" mi="3" ci="0" mb="0" cb="0" />
      <line nr="218" mi="2" ci="0" mb="0" cb="0" />
      <line nr="219" mi="1" ci="0" mb="0" cb="0" />
      <line nr="220" mi="3" ci="0" mb="0" cb="0" />
      <line nr="222" mi="2" ci="0" mb="0" cb="0" />
      <line nr="225" mi="2" ci="0" mb="0" cb="0" />
      <line nr="227" mi="1" ci="0" mb="0" cb="0" />
      <counter type="INSTRUCTION" missed="94" covered="0" />
      <counter type="LINE" missed="63" covered="0" />
      <counter type="METHOD" missed="4" covered="0" />
      <counter type="CLASS" missed="1" covered="0" />
    </sourcefile>
    <counter type="INSTRUCTION" missed="94" covered="0" />
    <counter type="LINE" missed="63" covered="0" />
    <counter type="METHOD" missed="4" covered="0" />
    <counter type="CLASS" missed="1" covered="0" />
  </package>
  <package name="MetaNull.ModuleMaker/build/MetaNull.ModuleMaker/0.0.14.0/resource/dummy/source/public">
    <class name="MetaNull.ModuleMaker/build/MetaNull.ModuleMaker/0.0.14.0/resource/dummy/source/public/Get-Dummy" sourcefilename="build/MetaNull.ModuleMaker/0.0.14.0/resource/dummy/source/public/Get-Dummy.ps1">
      <method name="&lt;script&gt;" desc="()" line="9">
        <counter type="INSTRUCTION" missed="2" covered="0" />
        <counter type="LINE" missed="1" covered="0" />
        <counter type="METHOD" missed="1" covered="0" />
      </method>
      <counter type="INSTRUCTION" missed="2" covered="0" />
      <counter type="LINE" missed="1" covered="0" />
      <counter type="METHOD" missed="1" covered="0" />
      <counter type="CLASS" missed="1" covered="0" />
    </class>
    <sourcefile name="build/MetaNull.ModuleMaker/0.0.14.0/resource/dummy/source/public/Get-Dummy.ps1">
      <line nr="9" mi="2" ci="0" mb="0" cb="0" />
      <counter type="INSTRUCTION" missed="2" covered="0" />
      <counter type="LINE" missed="1" covered="0" />
      <counter type="METHOD" missed="1" covered="0" />
      <counter type="CLASS" missed="1" covered="0" />
    </sourcefile>
    <counter type="INSTRUCTION" missed="2" covered="0" />
    <counter type="LINE" missed="1" covered="0" />
    <counter type="METHOD" missed="1" covered="0" />
    <counter type="CLASS" missed="1" covered="0" />
  </package>
  <package name="MetaNull.ModuleMaker/build/MetaNull.ModuleMaker/0.0.14.0/resource/script">
    <class name="MetaNull.ModuleMaker/build/MetaNull.ModuleMaker/0.0.14.0/resource/script/Build" sourcefilename="build/MetaNull.ModuleMaker/0.0.14.0/resource/script/Build.ps1">
      <method name="&lt;script&gt;" desc="()" line="8">
        <counter type="INSTRUCTION" missed="245" covered="0" />
        <counter type="LINE" missed="139" covered="0" />
        <counter type="METHOD" missed="1" covered="0" />
      </method>
      <counter type="INSTRUCTION" missed="245" covered="0" />
      <counter type="LINE" missed="139" covered="0" />
      <counter type="METHOD" missed="1" covered="0" />
      <counter type="CLASS" missed="1" covered="0" />
    </class>
    <class name="MetaNull.ModuleMaker/build/MetaNull.ModuleMaker/0.0.14.0/resource/script/Publish" sourcefilename="build/MetaNull.ModuleMaker/0.0.14.0/resource/script/Publish.ps1">
      <method name="&lt;script&gt;" desc="()" line="26">
        <counter type="INSTRUCTION" missed="94" covered="0" />
        <counter type="LINE" missed="53" covered="0" />
        <counter type="METHOD" missed="1" covered="0" />
      </method>
      <counter type="INSTRUCTION" missed="94" covered="0" />
      <counter type="LINE" missed="53" covered="0" />
      <counter type="METHOD" missed="1" covered="0" />
      <counter type="CLASS" missed="1" covered="0" />
    </class>
    <sourcefile name="build/MetaNull.ModuleMaker/0.0.14.0/resource/script/Build.ps1">
      <line nr="8" mi="1" ci="0" mb="0" cb="0" />
      <line nr="10" mi="1" ci="0" mb="0" cb="0" />
      <line nr="12" mi="2" ci="0" mb="0" cb="0" />
      <line nr="15" mi="1" ci="0" mb="0" cb="0" />
      <line nr="16" mi="1" ci="0" mb="0" cb="0" />
      <line nr="18" mi="2" ci="0" mb="0" cb="0" />
      <line nr="21" mi="1" ci="0" mb="0" cb="0" />
      <line nr="22" mi="1" ci="0" mb="0" cb="0" />
      <line nr="25" mi="2" ci="0" mb="0" cb="0" />
      <line nr="26" mi="2" ci="0" mb="0" cb="0" />
      <line nr="27" mi="2" ci="0" mb="0" cb="0" />
      <line nr="31" mi="1" ci="0" mb="0" cb="0" />
      <line nr="32" mi="1" ci="0" mb="0" cb="0" />
      <line nr="33" mi="2" ci="0" mb="0" cb="0" />
      <line nr="34" mi="2" ci="0" mb="0" cb="0" />
      <line nr="37" mi="3" ci="0" mb="0" cb="0" />
      <line nr="38" mi="3" ci="0" mb="0" cb="0" />
      <line nr="39" mi="2" ci="0" mb="0" cb="0" />
      <line nr="40" mi="2" ci="0" mb="0" cb="0" />
      <line nr="45" mi="1" ci="0" mb="0" cb="0" />
      <line nr="46" mi="2" ci="0" mb="0" cb="0" />
      <line nr="47" mi="2" ci="0" mb="0" cb="0" />
      <line nr="48" mi="2" ci="0" mb="0" cb="0" />
      <line nr="49" mi="2" ci="0" mb="0" cb="0" />
      <line nr="52" mi="1" ci="0" mb="0" cb="0" />
      <line nr="53" mi="1" ci="0" mb="0" cb="0" />
      <line nr="54" mi="1" ci="0" mb="0" cb="0" />
      <line nr="55" mi="1" ci="0" mb="0" cb="0" />
      <line nr="56" mi="1" ci="0" mb="0" cb="0" />
      <line nr="58" mi="1" ci="0" mb="0" cb="0" />
      <line nr="59" mi="1" ci="0" mb="0" cb="0" />
      <line nr="60" mi="1" ci="0" mb="0" cb="0" />
      <line nr="62" mi="1" ci="0" mb="0" cb="0" />
      <line nr="63" mi="1" ci="0" mb="0" cb="0" />
      <line nr="65" mi="1" ci="0" mb="0" cb="0" />
      <line nr="66" mi="5" ci="0" mb="0" cb="0" />
      <line nr="67" mi="2" ci="0" mb="0" cb="0" />
      <line nr="70" mi="2" ci="0" mb="0" cb="0" />
      <line nr="71" mi="2" ci="0" mb="0" cb="0" />
      <line nr="72" mi="1" ci="0" mb="0" cb="0" />
      <line nr="73" mi="1" ci="0" mb="0" cb="0" />
      <line nr="75" mi="1" ci="0" mb="0" cb="0" />
      <line nr="76" mi="2" ci="0" mb="0" cb="0" />
      <line nr="77" mi="1" ci="0" mb="0" cb="0" />
      <line nr="80" mi="1" ci="0" mb="0" cb="0" />
      <line nr="81" mi="3" ci="0" mb="0" cb="0" />
      <line nr="84" mi="2" ci="0" mb="0" cb="0" />
      <line nr="85" mi="2" ci="0" mb="0" cb="0" />
      <line nr="86" mi="2" ci="0" mb="0" cb="0" />
      <line nr="89" mi="2" ci="0" mb="0" cb="0" />
      <line nr="90" mi="2" ci="0" mb="0" cb="0" />
      <line nr="91" mi="2" ci="0" mb="0" cb="0" />
      <line nr="94" mi="1" ci="0" mb="0" cb="0" />
      <line nr="95" mi="2" ci="0" mb="0" cb="0" />
      <line nr="96" mi="2" ci="0" mb="0" cb="0" />
      <line nr="99" mi="1" ci="0" mb="0" cb="0" />
      <line nr="100" mi="2" ci="0" mb="0" cb="0" />
      <line nr="101" mi="2" ci="0" mb="0" cb="0" />
      <line nr="103" mi="1" ci="0" mb="0" cb="0" />
      <line nr="105" mi="1" ci="0" mb="0" cb="0" />
      <line nr="123" mi="1" ci="0" mb="0" cb="0" />
      <line nr="126" mi="1" ci="0" mb="0" cb="0" />
      <line nr="129" mi="1" ci="0" mb="0" cb="0" />
      <line nr="132" mi="1" ci="0" mb="0" cb="0" />
      <line nr="133" mi="2" ci="0" mb="0" cb="0" />
      <line nr="134" mi="1" ci="0" mb="0" cb="0" />
      <line nr="135" mi="1" ci="0" mb="0" cb="0" />
      <line nr="136" mi="1" ci="0" mb="0" cb="0" />
      <line nr="137" mi="1" ci="0" mb="0" cb="0" />
      <line nr="141" mi="2" ci="0" mb="0" cb="0" />
      <line nr="145" mi="1" ci="0" mb="0" cb="0" />
      <line nr="146" mi="2" ci="0" mb="0" cb="0" />
      <line nr="147" mi="3" ci="0" mb="0" cb="0" />
      <line nr="150" mi="3" ci="0" mb="0" cb="0" />
      <line nr="154" mi="1" ci="0" mb="0" cb="0" />
      <line nr="156" mi="2" ci="0" mb="0" cb="0" />
      <line nr="157" mi="1" ci="0" mb="0" cb="0" />
      <line nr="158" mi="2" ci="0" mb="0" cb="0" />
      <line nr="159" mi="2" ci="0" mb="0" cb="0" />
      <line nr="164" mi="3" ci="0" mb="0" cb="0" />
      <line nr="165" mi="1" ci="0" mb="0" cb="0" />
      <line nr="166" mi="2" ci="0" mb="0" cb="0" />
      <line nr="167" mi="2" ci="0" mb="0" cb="0" />
      <line nr="171" mi="3" ci="0" mb="0" cb="0" />
      <line nr="172" mi="1" ci="0" mb="0" cb="0" />
      <line nr="173" mi="1" ci="0" mb="0" cb="0" />
      <line nr="174" mi="3" ci="0" mb="0" cb="0" />
      <line nr="175" mi="3" ci="0" mb="0" cb="0" />
      <line nr="176" mi="2" ci="0" mb="0" cb="0" />
      <line nr="177" mi="2" ci="0" mb="0" cb="0" />
      <line nr="181" mi="3" ci="0" mb="0" cb="0" />
      <line nr="182" mi="1" ci="0" mb="0" cb="0" />
      <line nr="183" mi="1" ci="0" mb="0" cb="0" />
      <line nr="184" mi="3" ci="0" mb="0" cb="0" />
      <line nr="185" mi="3" ci="0" mb="0" cb="0" />
      <line nr="186" mi="2" ci="0" mb="0" cb="0" />
      <line nr="187" mi="2" ci="0" mb="0" cb="0" />
      <line nr="188" mi="1" ci="0" mb="0" cb="0" />
      <line nr="193" mi="3" ci="0" mb="0" cb="0" />
      <line nr="194" mi="1" ci="0" mb="0" cb="0" />
      <line nr="195" mi="2" ci="0" mb="0" cb="0" />
      <line nr="196" mi="2" ci="0" mb="0" cb="0" />
      <line nr="206" mi="3" ci="0" mb="0" cb="0" />
      <line nr="207" mi="1" ci="0" mb="0" cb="0" />
      <line nr="208" mi="2" ci="0" mb="0" cb="0" />
      <line nr="209" mi="1" ci="0" mb="0" cb="0" />
      <line nr="210" mi="2" ci="0" mb="0" cb="0" />
      <line nr="214" mi="3" ci="0" mb="0" cb="0" />
      <line nr="215" mi="1" ci="0" mb="0" cb="0" />
      <line nr="216" mi="2" ci="0" mb="0" cb="0" />
      <line nr="217" mi="1" ci="0" mb="0" cb="0" />
      <line nr="218" mi="2" ci="0" mb="0" cb="0" />
      <line nr="222" mi="1" ci="0" mb="0" cb="0" />
      <line nr="223" mi="3" ci="0" mb="0" cb="0" />
      <line nr="226" mi="1" ci="0" mb="0" cb="0" />
      <line nr="227" mi="1" ci="0" mb="0" cb="0" />
      <line nr="228" mi="2" ci="0" mb="0" cb="0" />
      <line nr="229" mi="1" ci="0" mb="0" cb="0" />
      <line nr="230" mi="1" ci="0" mb="0" cb="0" />
      <line nr="231" mi="1" ci="0" mb="0" cb="0" />
      <line nr="232" mi="6" ci="0" mb="0" cb="0" />
      <line nr="233" mi="6" ci="0" mb="0" cb="0" />
      <line nr="235" mi="1" ci="0" mb="0" cb="0" />
      <line nr="236" mi="1" ci="0" mb="0" cb="0" />
      <line nr="238" mi="1" ci="0" mb="0" cb="0" />
      <line nr="239" mi="1" ci="0" mb="0" cb="0" />
      <line nr="242" mi="1" ci="0" mb="0" cb="0" />
      <line nr="245" mi="2" ci="0" mb="0" cb="0" />
      <line nr="246" mi="1" ci="0" mb="0" cb="0" />
      <line nr="249" mi="3" ci="0" mb="0" cb="0" />
      <line nr="109" mi="1" ci="0" mb="0" cb="0" />
      <line nr="111" mi="1" ci="0" mb="0" cb="0" />
      <line nr="112" mi="2" ci="0" mb="0" cb="0" />
      <line nr="113" mi="3" ci="0" mb="0" cb="0" />
      <line nr="114" mi="3" ci="0" mb="0" cb="0" />
      <line nr="115" mi="3" ci="0" mb="0" cb="0" />
      <line nr="116" mi="3" ci="0" mb="0" cb="0" />
      <line nr="117" mi="2" ci="0" mb="0" cb="0" />
      <line nr="119" mi="2" ci="0" mb="0" cb="0" />
      <counter type="INSTRUCTION" missed="245" covered="0" />
      <counter type="LINE" missed="139" covered="0" />
      <counter type="METHOD" missed="1" covered="0" />
      <counter type="CLASS" missed="1" covered="0" />
    </sourcefile>
    <sourcefile name="build/MetaNull.ModuleMaker/0.0.14.0/resource/script/Publish.ps1">
      <line nr="26" mi="1" ci="0" mb="0" cb="0" />
      <line nr="27" mi="1" ci="0" mb="0" cb="0" />
      <line nr="29" mi="2" ci="0" mb="0" cb="0" />
      <line nr="30" mi="2" ci="0" mb="0" cb="0" />
      <line nr="32" mi="2" ci="0" mb="0" cb="0" />
      <line nr="33" mi="5" ci="0" mb="0" cb="0" />
      <line nr="35" mi="4" ci="0" mb="0" cb="0" />
      <line nr="36" mi="2" ci="0" mb="0" cb="0" />
      <line nr="44" mi="2" ci="0" mb="0" cb="0" />
      <line nr="46" mi="1" ci="0" mb="0" cb="0" />
      <line nr="48" mi="1" ci="0" mb="0" cb="0" />
      <line nr="49" mi="1" ci="0" mb="0" cb="0" />
      <line nr="52" mi="2" ci="0" mb="0" cb="0" />
      <line nr="53" mi="1" ci="0" mb="0" cb="0" />
      <line nr="54" mi="4" ci="0" mb="0" cb="0" />
      <line nr="55" mi="2" ci="0" mb="0" cb="0" />
      <line nr="59" mi="1" ci="0" mb="0" cb="0" />
      <line nr="61" mi="1" ci="0" mb="0" cb="0" />
      <line nr="62" mi="2" ci="0" mb="0" cb="0" />
      <line nr="63" mi="1" ci="0" mb="0" cb="0" />
      <line nr="67" mi="2" ci="0" mb="0" cb="0" />
      <line nr="68" mi="1" ci="0" mb="0" cb="0" />
      <line nr="69" mi="2" ci="0" mb="0" cb="0" />
      <line nr="70" mi="3" ci="0" mb="0" cb="0" />
      <line nr="74" mi="1" ci="0" mb="0" cb="0" />
      <line nr="75" mi="1" ci="0" mb="0" cb="0" />
      <line nr="76" mi="1" ci="0" mb="0" cb="0" />
      <line nr="78" mi="2" ci="0" mb="0" cb="0" />
      <line nr="79" mi="1" ci="0" mb="0" cb="0" />
      <line nr="81" mi="2" ci="0" mb="0" cb="0" />
      <line nr="82" mi="2" ci="0" mb="0" cb="0" />
      <line nr="83" mi="1" ci="0" mb="0" cb="0" />
      <line nr="84" mi="1" ci="0" mb="0" cb="0" />
      <line nr="85" mi="1" ci="0" mb="0" cb="0" />
      <line nr="88" mi="1" ci="0" mb="0" cb="0" />
      <line nr="91" mi="2" ci="0" mb="0" cb="0" />
      <line nr="92" mi="2" ci="0" mb="0" cb="0" />
      <line nr="95" mi="3" ci="0" mb="0" cb="0" />
      <line nr="96" mi="2" ci="0" mb="0" cb="0" />
      <line nr="100" mi="4" ci="0" mb="0" cb="0" />
      <line nr="101" mi="1" ci="0" mb="0" cb="0" />
      <line nr="102" mi="2" ci="0" mb="0" cb="0" />
      <line nr="104" mi="1" ci="0" mb="0" cb="0" />
      <line nr="105" mi="2" ci="0" mb="0" cb="0" />
      <line nr="106" mi="1" ci="0" mb="0" cb="0" />
      <line nr="107" mi="2" ci="0" mb="0" cb="0" />
      <line nr="108" mi="1" ci="0" mb="0" cb="0" />
      <line nr="109" mi="2" ci="0" mb="0" cb="0" />
      <line nr="111" mi="2" ci="0" mb="0" cb="0" />
      <line nr="115" mi="2" ci="0" mb="0" cb="0" />
      <line nr="117" mi="3" ci="0" mb="0" cb="0" />
      <line nr="120" mi="1" ci="0" mb="0" cb="0" />
      <line nr="40" mi="1" ci="0" mb="0" cb="0" />
      <counter type="INSTRUCTION" missed="94" covered="0" />
      <counter type="LINE" missed="53" covered="0" />
      <counter type="METHOD" missed="1" covered="0" />
      <counter type="CLASS" missed="1" covered="0" />
    </sourcefile>
    <counter type="INSTRUCTION" missed="339" covered="0" />
    <counter type="LINE" missed="192" covered="0" />
    <counter type="METHOD" missed="2" covered="0" />
    <counter type="CLASS" missed="2" covered="0" />
  </package>
  <package name="MetaNull.ModuleMaker/build/MetaNull.ModuleMaker/0.0.14.0/tools">
    <class name="MetaNull.ModuleMaker/build/MetaNull.ModuleMaker/0.0.14.0/tools/init" sourcefilename="build/MetaNull.ModuleMaker/0.0.14.0/tools/init.ps1">
      <method name="&lt;script&gt;" desc="()" line="1">
        <counter type="INSTRUCTION" missed="6" covered="0" />
        <counter type="LINE" missed="4" covered="0" />
        <counter type="METHOD" missed="1" covered="0" />
      </method>
      <counter type="INSTRUCTION" missed="6" covered="0" />
      <counter type="LINE" missed="4" covered="0" />
      <counter type="METHOD" missed="1" covered="0" />
      <counter type="CLASS" missed="1" covered="0" />
    </class>
    <sourcefile name="build/MetaNull.ModuleMaker/0.0.14.0/tools/init.ps1">
      <line nr="1" mi="2" ci="0" mb="0" cb="0" />
      <line nr="2" mi="1" ci="0" mb="0" cb="0" />
      <line nr="5" mi="2" ci="0" mb="0" cb="0" />
      <line nr="6" mi="1" ci="0" mb="0" cb="0" />
      <counter type="INSTRUCTION" missed="6" covered="0" />
      <counter type="LINE" missed="4" covered="0" />
      <counter type="METHOD" missed="1" covered="0" />
      <counter type="CLASS" missed="1" covered="0" />
    </sourcefile>
    <counter type="INSTRUCTION" missed="6" covered="0" />
    <counter type="LINE" missed="4" covered="0" />
    <counter type="METHOD" missed="1" covered="0" />
    <counter type="CLASS" missed="1" covered="0" />
  </package>
  <package name="MetaNull.ModuleMaker/build/MetaNull.ModuleMaker/0.0.15.0">
    <class name="MetaNull.ModuleMaker/build/MetaNull.ModuleMaker/0.0.15.0/MetaNull.ModuleMaker" sourcefilename="build/MetaNull.ModuleMaker/0.0.15.0/MetaNull.ModuleMaker.psm1">
      <method name="&lt;script&gt;" desc="()" line="3">
        <counter type="INSTRUCTION" missed="1" covered="0" />
        <counter type="LINE" missed="1" covered="0" />
        <counter type="METHOD" missed="1" covered="0" />
      </method>
      <method name="Get-ResourceDirectory" desc="()" line="16">
        <counter type="INSTRUCTION" missed="8" covered="0" />
        <counter type="LINE" missed="3" covered="0" />
        <counter type="METHOD" missed="1" covered="0" />
      </method>
      <method name="Test-JoinPath" desc="()" line="69">
        <counter type="INSTRUCTION" missed="9" covered="0" />
        <counter type="LINE" missed="8" covered="0" />
        <counter type="METHOD" missed="1" covered="0" />
      </method>
      <method name="New-Module" desc="()" line="102">
        <counter type="INSTRUCTION" missed="77" covered="0" />
        <counter type="LINE" missed="52" covered="0" />
        <counter type="METHOD" missed="1" covered="0" />
      </method>
      <counter type="INSTRUCTION" missed="95" covered="0" />
      <counter type="LINE" missed="64" covered="0" />
      <counter type="METHOD" missed="4" covered="0" />
      <counter type="CLASS" missed="1" covered="0" />
    </class>
    <sourcefile name="build/MetaNull.ModuleMaker/0.0.15.0/MetaNull.ModuleMaker.psm1">
      <line nr="3" mi="1" ci="0" mb="0" cb="0" />
      <line nr="16" mi="2" ci="0" mb="0" cb="0" />
      <line nr="19" mi="2" ci="0" mb="0" cb="0" />
      <line nr="22" mi="4" ci="0" mb="0" cb="0" />
      <line nr="69" mi="1" ci="0" mb="0" cb="0" />
      <line nr="70" mi="1" ci="0" mb="0" cb="0" />
      <line nr="71" mi="1" ci="0" mb="0" cb="0" />
      <line nr="72" mi="1" ci="0" mb="0" cb="0" />
      <line nr="74" mi="1" ci="0" mb="0" cb="0" />
      <line nr="77" mi="1" ci="0" mb="0" cb="0" />
      <line nr="78" mi="1" ci="0" mb="0" cb="0" />
      <line nr="80" mi="2" ci="0" mb="0" cb="0" />
      <line nr="102" mi="1" ci="0" mb="0" cb="0" />
      <line nr="109" mi="1" ci="0" mb="0" cb="0" />
      <line nr="123" mi="1" ci="0" mb="0" cb="0" />
      <line nr="124" mi="1" ci="0" mb="0" cb="0" />
      <line nr="129" mi="1" ci="0" mb="0" cb="0" />
      <line nr="136" mi="1" ci="0" mb="0" cb="0" />
      <line nr="146" mi="2" ci="0" mb="0" cb="0" />
      <line nr="163" mi="1" ci="0" mb="0" cb="0" />
      <line nr="164" mi="1" ci="0" mb="0" cb="0" />
      <line nr="166" mi="1" ci="0" mb="0" cb="0" />
      <line nr="167" mi="1" ci="0" mb="0" cb="0" />
      <line nr="168" mi="1" ci="0" mb="0" cb="0" />
      <line nr="169" mi="1" ci="0" mb="0" cb="0" />
      <line nr="170" mi="2" ci="0" mb="0" cb="0" />
      <line nr="171" mi="1" ci="0" mb="0" cb="0" />
      <line nr="173" mi="1" ci="0" mb="0" cb="0" />
      <line nr="177" mi="1" ci="0" mb="0" cb="0" />
      <line nr="178" mi="2" ci="0" mb="0" cb="0" />
      <line nr="179" mi="2" ci="0" mb="0" cb="0" />
      <line nr="180" mi="2" ci="0" mb="0" cb="0" />
      <line nr="181" mi="2" ci="0" mb="0" cb="0" />
      <line nr="182" mi="2" ci="0" mb="0" cb="0" />
      <line nr="183" mi="2" ci="0" mb="0" cb="0" />
      <line nr="184" mi="2" ci="0" mb="0" cb="0" />
      <line nr="187" mi="2" ci="0" mb="0" cb="0" />
      <line nr="190" mi="2" ci="0" mb="0" cb="0" />
      <line nr="193" mi="4" ci="0" mb="0" cb="0" />
      <line nr="195" mi="1" ci="0" mb="0" cb="0" />
      <line nr="196" mi="1" ci="0" mb="0" cb="0" />
      <line nr="197" mi="1" ci="0" mb="0" cb="0" />
      <line nr="200" mi="2" ci="0" mb="0" cb="0" />
      <line nr="201" mi="1" ci="0" mb="0" cb="0" />
      <line nr="202" mi="1" ci="0" mb="0" cb="0" />
      <line nr="203" mi="2" ci="0" mb="0" cb="0" />
      <line nr="204" mi="1" ci="0" mb="0" cb="0" />
      <line nr="205" mi="1" ci="0" mb="0" cb="0" />
      <line nr="206" mi="1" ci="0" mb="0" cb="0" />
      <line nr="207" mi="1" ci="0" mb="0" cb="0" />
      <line nr="208" mi="1" ci="0" mb="0" cb="0" />
      <line nr="209" mi="1" ci="0" mb="0" cb="0" />
      <line nr="210" mi="1" ci="0" mb="0" cb="0" />
      <line nr="211" mi="1" ci="0" mb="0" cb="0" />
      <line nr="213" mi="1" ci="0" mb="0" cb="0" />
      <line nr="214" mi="3" ci="0" mb="0" cb="0" />
      <line nr="216" mi="1" ci="0" mb="0" cb="0" />
      <line nr="217" mi="3" ci="0" mb="0" cb="0" />
      <line nr="219" mi="2" ci="0" mb="0" cb="0" />
      <line nr="220" mi="1" ci="0" mb="0" cb="0" />
      <line nr="221" mi="3" ci="0" mb="0" cb="0" />
      <line nr="223" mi="2" ci="0" mb="0" cb="0" />
      <line nr="226" mi="2" ci="0" mb="0" cb="0" />
      <line nr="228" mi="1" ci="0" mb="0" cb="0" />
      <counter type="INSTRUCTION" missed="95" covered="0" />
      <counter type="LINE" missed="64" covered="0" />
      <counter type="METHOD" missed="4" covered="0" />
      <counter type="CLASS" missed="1" covered="0" />
    </sourcefile>
    <counter type="INSTRUCTION" missed="95" covered="0" />
    <counter type="LINE" missed="64" covered="0" />
    <counter type="METHOD" missed="4" covered="0" />
    <counter type="CLASS" missed="1" covered="0" />
  </package>
  <package name="MetaNull.ModuleMaker/build/MetaNull.ModuleMaker/0.0.15.0/resource/dummy/source/public">
    <class name="MetaNull.ModuleMaker/build/MetaNull.ModuleMaker/0.0.15.0/resource/dummy/source/public/Get-Dummy" sourcefilename="build/MetaNull.ModuleMaker/0.0.15.0/resource/dummy/source/public/Get-Dummy.ps1">
      <method name="&lt;script&gt;" desc="()" line="9">
        <counter type="INSTRUCTION" missed="2" covered="0" />
        <counter type="LINE" missed="1" covered="0" />
        <counter type="METHOD" missed="1" covered="0" />
      </method>
      <counter type="INSTRUCTION" missed="2" covered="0" />
      <counter type="LINE" missed="1" covered="0" />
      <counter type="METHOD" missed="1" covered="0" />
      <counter type="CLASS" missed="1" covered="0" />
    </class>
    <sourcefile name="build/MetaNull.ModuleMaker/0.0.15.0/resource/dummy/source/public/Get-Dummy.ps1">
      <line nr="9" mi="2" ci="0" mb="0" cb="0" />
      <counter type="INSTRUCTION" missed="2" covered="0" />
      <counter type="LINE" missed="1" covered="0" />
      <counter type="METHOD" missed="1" covered="0" />
      <counter type="CLASS" missed="1" covered="0" />
    </sourcefile>
    <counter type="INSTRUCTION" missed="2" covered="0" />
    <counter type="LINE" missed="1" covered="0" />
    <counter type="METHOD" missed="1" covered="0" />
    <counter type="CLASS" missed="1" covered="0" />
  </package>
  <package name="MetaNull.ModuleMaker/build/MetaNull.ModuleMaker/0.0.15.0/resource/script">
    <class name="MetaNull.ModuleMaker/build/MetaNull.ModuleMaker/0.0.15.0/resource/script/Build" sourcefilename="build/MetaNull.ModuleMaker/0.0.15.0/resource/script/Build.ps1">
      <method name="&lt;script&gt;" desc="()" line="8">
        <counter type="INSTRUCTION" missed="245" covered="0" />
        <counter type="LINE" missed="139" covered="0" />
        <counter type="METHOD" missed="1" covered="0" />
      </method>
      <counter type="INSTRUCTION" missed="245" covered="0" />
      <counter type="LINE" missed="139" covered="0" />
      <counter type="METHOD" missed="1" covered="0" />
      <counter type="CLASS" missed="1" covered="0" />
    </class>
    <class name="MetaNull.ModuleMaker/build/MetaNull.ModuleMaker/0.0.15.0/resource/script/Publish" sourcefilename="build/MetaNull.ModuleMaker/0.0.15.0/resource/script/Publish.ps1">
      <method name="&lt;script&gt;" desc="()" line="26">
        <counter type="INSTRUCTION" missed="94" covered="0" />
        <counter type="LINE" missed="53" covered="0" />
        <counter type="METHOD" missed="1" covered="0" />
      </method>
      <counter type="INSTRUCTION" missed="94" covered="0" />
      <counter type="LINE" missed="53" covered="0" />
      <counter type="METHOD" missed="1" covered="0" />
      <counter type="CLASS" missed="1" covered="0" />
    </class>
    <sourcefile name="build/MetaNull.ModuleMaker/0.0.15.0/resource/script/Build.ps1">
      <line nr="8" mi="1" ci="0" mb="0" cb="0" />
      <line nr="10" mi="1" ci="0" mb="0" cb="0" />
      <line nr="12" mi="2" ci="0" mb="0" cb="0" />
      <line nr="15" mi="1" ci="0" mb="0" cb="0" />
      <line nr="16" mi="1" ci="0" mb="0" cb="0" />
      <line nr="18" mi="2" ci="0" mb="0" cb="0" />
      <line nr="21" mi="1" ci="0" mb="0" cb="0" />
      <line nr="22" mi="1" ci="0" mb="0" cb="0" />
      <line nr="25" mi="2" ci="0" mb="0" cb="0" />
      <line nr="26" mi="2" ci="0" mb="0" cb="0" />
      <line nr="27" mi="2" ci="0" mb="0" cb="0" />
      <line nr="31" mi="1" ci="0" mb="0" cb="0" />
      <line nr="32" mi="1" ci="0" mb="0" cb="0" />
      <line nr="33" mi="2" ci="0" mb="0" cb="0" />
      <line nr="34" mi="2" ci="0" mb="0" cb="0" />
      <line nr="37" mi="3" ci="0" mb="0" cb="0" />
      <line nr="38" mi="3" ci="0" mb="0" cb="0" />
      <line nr="39" mi="2" ci="0" mb="0" cb="0" />
      <line nr="40" mi="2" ci="0" mb="0" cb="0" />
      <line nr="45" mi="1" ci="0" mb="0" cb="0" />
      <line nr="46" mi="2" ci="0" mb="0" cb="0" />
      <line nr="47" mi="2" ci="0" mb="0" cb="0" />
      <line nr="48" mi="2" ci="0" mb="0" cb="0" />
      <line nr="49" mi="2" ci="0" mb="0" cb="0" />
      <line nr="52" mi="1" ci="0" mb="0" cb="0" />
      <line nr="53" mi="1" ci="0" mb="0" cb="0" />
      <line nr="54" mi="1" ci="0" mb="0" cb="0" />
      <line nr="55" mi="1" ci="0" mb="0" cb="0" />
      <line nr="56" mi="1" ci="0" mb="0" cb="0" />
      <line nr="58" mi="1" ci="0" mb="0" cb="0" />
      <line nr="59" mi="1" ci="0" mb="0" cb="0" />
      <line nr="60" mi="1" ci="0" mb="0" cb="0" />
      <line nr="62" mi="1" ci="0" mb="0" cb="0" />
      <line nr="63" mi="1" ci="0" mb="0" cb="0" />
      <line nr="65" mi="1" ci="0" mb="0" cb="0" />
      <line nr="66" mi="5" ci="0" mb="0" cb="0" />
      <line nr="67" mi="2" ci="0" mb="0" cb="0" />
      <line nr="70" mi="2" ci="0" mb="0" cb="0" />
      <line nr="71" mi="2" ci="0" mb="0" cb="0" />
      <line nr="72" mi="1" ci="0" mb="0" cb="0" />
      <line nr="73" mi="1" ci="0" mb="0" cb="0" />
      <line nr="75" mi="1" ci="0" mb="0" cb="0" />
      <line nr="76" mi="2" ci="0" mb="0" cb="0" />
      <line nr="77" mi="1" ci="0" mb="0" cb="0" />
      <line nr="80" mi="1" ci="0" mb="0" cb="0" />
      <line nr="81" mi="3" ci="0" mb="0" cb="0" />
      <line nr="84" mi="2" ci="0" mb="0" cb="0" />
      <line nr="85" mi="2" ci="0" mb="0" cb="0" />
      <line nr="86" mi="2" ci="0" mb="0" cb="0" />
      <line nr="89" mi="2" ci="0" mb="0" cb="0" />
      <line nr="90" mi="2" ci="0" mb="0" cb="0" />
      <line nr="91" mi="2" ci="0" mb="0" cb="0" />
      <line nr="94" mi="1" ci="0" mb="0" cb="0" />
      <line nr="95" mi="2" ci="0" mb="0" cb="0" />
      <line nr="96" mi="2" ci="0" mb="0" cb="0" />
      <line nr="99" mi="1" ci="0" mb="0" cb="0" />
      <line nr="100" mi="2" ci="0" mb="0" cb="0" />
      <line nr="101" mi="2" ci="0" mb="0" cb="0" />
      <line nr="103" mi="1" ci="0" mb="0" cb="0" />
      <line nr="105" mi="1" ci="0" mb="0" cb="0" />
      <line nr="123" mi="1" ci="0" mb="0" cb="0" />
      <line nr="126" mi="1" ci="0" mb="0" cb="0" />
      <line nr="129" mi="1" ci="0" mb="0" cb="0" />
      <line nr="132" mi="1" ci="0" mb="0" cb="0" />
      <line nr="133" mi="2" ci="0" mb="0" cb="0" />
      <line nr="134" mi="1" ci="0" mb="0" cb="0" />
      <line nr="135" mi="1" ci="0" mb="0" cb="0" />
      <line nr="136" mi="1" ci="0" mb="0" cb="0" />
      <line nr="137" mi="1" ci="0" mb="0" cb="0" />
      <line nr="141" mi="2" ci="0" mb="0" cb="0" />
      <line nr="145" mi="1" ci="0" mb="0" cb="0" />
      <line nr="146" mi="2" ci="0" mb="0" cb="0" />
      <line nr="147" mi="3" ci="0" mb="0" cb="0" />
      <line nr="150" mi="3" ci="0" mb="0" cb="0" />
      <line nr="154" mi="1" ci="0" mb="0" cb="0" />
      <line nr="156" mi="2" ci="0" mb="0" cb="0" />
      <line nr="157" mi="1" ci="0" mb="0" cb="0" />
      <line nr="158" mi="2" ci="0" mb="0" cb="0" />
      <line nr="159" mi="2" ci="0" mb="0" cb="0" />
      <line nr="164" mi="3" ci="0" mb="0" cb="0" />
      <line nr="165" mi="1" ci="0" mb="0" cb="0" />
      <line nr="166" mi="2" ci="0" mb="0" cb="0" />
      <line nr="167" mi="2" ci="0" mb="0" cb="0" />
      <line nr="171" mi="3" ci="0" mb="0" cb="0" />
      <line nr="172" mi="1" ci="0" mb="0" cb="0" />
      <line nr="173" mi="1" ci="0" mb="0" cb="0" />
      <line nr="174" mi="3" ci="0" mb="0" cb="0" />
      <line nr="175" mi="3" ci="0" mb="0" cb="0" />
      <line nr="176" mi="2" ci="0" mb="0" cb="0" />
      <line nr="177" mi="2" ci="0" mb="0" cb="0" />
      <line nr="181" mi="3" ci="0" mb="0" cb="0" />
      <line nr="182" mi="1" ci="0" mb="0" cb="0" />
      <line nr="183" mi="1" ci="0" mb="0" cb="0" />
      <line nr="184" mi="3" ci="0" mb="0" cb="0" />
      <line nr="185" mi="3" ci="0" mb="0" cb="0" />
      <line nr="186" mi="2" ci="0" mb="0" cb="0" />
      <line nr="187" mi="2" ci="0" mb="0" cb="0" />
      <line nr="188" mi="1" ci="0" mb="0" cb="0" />
      <line nr="193" mi="3" ci="0" mb="0" cb="0" />
      <line nr="194" mi="1" ci="0" mb="0" cb="0" />
      <line nr="195" mi="2" ci="0" mb="0" cb="0" />
      <line nr="196" mi="2" ci="0" mb="0" cb="0" />
      <line nr="206" mi="3" ci="0" mb="0" cb="0" />
      <line nr="207" mi="1" ci="0" mb="0" cb="0" />
      <line nr="208" mi="2" ci="0" mb="0" cb="0" />
      <line nr="209" mi="1" ci="0" mb="0" cb="0" />
      <line nr="210" mi="2" ci="0" mb="0" cb="0" />
      <line nr="214" mi="3" ci="0" mb="0" cb="0" />
      <line nr="215" mi="1" ci="0" mb="0" cb="0" />
      <line nr="216" mi="2" ci="0" mb="0" cb="0" />
      <line nr="217" mi="1" ci="0" mb="0" cb="0" />
      <line nr="218" mi="2" ci="0" mb="0" cb="0" />
      <line nr="222" mi="1" ci="0" mb="0" cb="0" />
      <line nr="223" mi="3" ci="0" mb="0" cb="0" />
      <line nr="226" mi="1" ci="0" mb="0" cb="0" />
      <line nr="227" mi="1" ci="0" mb="0" cb="0" />
      <line nr="228" mi="2" ci="0" mb="0" cb="0" />
      <line nr="229" mi="1" ci="0" mb="0" cb="0" />
      <line nr="230" mi="1" ci="0" mb="0" cb="0" />
      <line nr="231" mi="1" ci="0" mb="0" cb="0" />
      <line nr="232" mi="6" ci="0" mb="0" cb="0" />
      <line nr="233" mi="6" ci="0" mb="0" cb="0" />
      <line nr="235" mi="1" ci="0" mb="0" cb="0" />
      <line nr="236" mi="1" ci="0" mb="0" cb="0" />
      <line nr="238" mi="1" ci="0" mb="0" cb="0" />
      <line nr="239" mi="1" ci="0" mb="0" cb="0" />
      <line nr="242" mi="1" ci="0" mb="0" cb="0" />
      <line nr="245" mi="2" ci="0" mb="0" cb="0" />
      <line nr="246" mi="1" ci="0" mb="0" cb="0" />
      <line nr="249" mi="3" ci="0" mb="0" cb="0" />
      <line nr="109" mi="1" ci="0" mb="0" cb="0" />
      <line nr="111" mi="1" ci="0" mb="0" cb="0" />
      <line nr="112" mi="2" ci="0" mb="0" cb="0" />
      <line nr="113" mi="3" ci="0" mb="0" cb="0" />
      <line nr="114" mi="3" ci="0" mb="0" cb="0" />
      <line nr="115" mi="3" ci="0" mb="0" cb="0" />
      <line nr="116" mi="3" ci="0" mb="0" cb="0" />
      <line nr="117" mi="2" ci="0" mb="0" cb="0" />
      <line nr="119" mi="2" ci="0" mb="0" cb="0" />
      <counter type="INSTRUCTION" missed="245" covered="0" />
      <counter type="LINE" missed="139" covered="0" />
      <counter type="METHOD" missed="1" covered="0" />
      <counter type="CLASS" missed="1" covered="0" />
    </sourcefile>
    <sourcefile name="build/MetaNull.ModuleMaker/0.0.15.0/resource/script/Publish.ps1">
      <line nr="26" mi="1" ci="0" mb="0" cb="0" />
      <line nr="27" mi="1" ci="0" mb="0" cb="0" />
      <line nr="29" mi="2" ci="0" mb="0" cb="0" />
      <line nr="30" mi="2" ci="0" mb="0" cb="0" />
      <line nr="32" mi="2" ci="0" mb="0" cb="0" />
      <line nr="33" mi="5" ci="0" mb="0" cb="0" />
      <line nr="35" mi="4" ci="0" mb="0" cb="0" />
      <line nr="36" mi="2" ci="0" mb="0" cb="0" />
      <line nr="44" mi="2" ci="0" mb="0" cb="0" />
      <line nr="46" mi="1" ci="0" mb="0" cb="0" />
      <line nr="48" mi="1" ci="0" mb="0" cb="0" />
      <line nr="49" mi="1" ci="0" mb="0" cb="0" />
      <line nr="52" mi="2" ci="0" mb="0" cb="0" />
      <line nr="53" mi="1" ci="0" mb="0" cb="0" />
      <line nr="54" mi="4" ci="0" mb="0" cb="0" />
      <line nr="55" mi="2" ci="0" mb="0" cb="0" />
      <line nr="59" mi="1" ci="0" mb="0" cb="0" />
      <line nr="61" mi="1" ci="0" mb="0" cb="0" />
      <line nr="62" mi="2" ci="0" mb="0" cb="0" />
      <line nr="63" mi="1" ci="0" mb="0" cb="0" />
      <line nr="67" mi="2" ci="0" mb="0" cb="0" />
      <line nr="68" mi="1" ci="0" mb="0" cb="0" />
      <line nr="69" mi="2" ci="0" mb="0" cb="0" />
      <line nr="70" mi="3" ci="0" mb="0" cb="0" />
      <line nr="74" mi="1" ci="0" mb="0" cb="0" />
      <line nr="75" mi="1" ci="0" mb="0" cb="0" />
      <line nr="76" mi="1" ci="0" mb="0" cb="0" />
      <line nr="78" mi="2" ci="0" mb="0" cb="0" />
      <line nr="79" mi="1" ci="0" mb="0" cb="0" />
      <line nr="81" mi="2" ci="0" mb="0" cb="0" />
      <line nr="82" mi="2" ci="0" mb="0" cb="0" />
      <line nr="83" mi="1" ci="0" mb="0" cb="0" />
      <line nr="84" mi="1" ci="0" mb="0" cb="0" />
      <line nr="85" mi="1" ci="0" mb="0" cb="0" />
      <line nr="88" mi="1" ci="0" mb="0" cb="0" />
      <line nr="91" mi="2" ci="0" mb="0" cb="0" />
      <line nr="92" mi="2" ci="0" mb="0" cb="0" />
      <line nr="95" mi="3" ci="0" mb="0" cb="0" />
      <line nr="96" mi="2" ci="0" mb="0" cb="0" />
      <line nr="100" mi="4" ci="0" mb="0" cb="0" />
      <line nr="101" mi="1" ci="0" mb="0" cb="0" />
      <line nr="102" mi="2" ci="0" mb="0" cb="0" />
      <line nr="104" mi="1" ci="0" mb="0" cb="0" />
      <line nr="105" mi="2" ci="0" mb="0" cb="0" />
      <line nr="106" mi="1" ci="0" mb="0" cb="0" />
      <line nr="107" mi="2" ci="0" mb="0" cb="0" />
      <line nr="108" mi="1" ci="0" mb="0" cb="0" />
      <line nr="109" mi="2" ci="0" mb="0" cb="0" />
      <line nr="111" mi="2" ci="0" mb="0" cb="0" />
      <line nr="115" mi="2" ci="0" mb="0" cb="0" />
      <line nr="117" mi="3" ci="0" mb="0" cb="0" />
      <line nr="120" mi="1" ci="0" mb="0" cb="0" />
      <line nr="40" mi="1" ci="0" mb="0" cb="0" />
      <counter type="INSTRUCTION" missed="94" covered="0" />
      <counter type="LINE" missed="53" covered="0" />
      <counter type="METHOD" missed="1" covered="0" />
      <counter type="CLASS" missed="1" covered="0" />
    </sourcefile>
    <counter type="INSTRUCTION" missed="339" covered="0" />
    <counter type="LINE" missed="192" covered="0" />
    <counter type="METHOD" missed="2" covered="0" />
    <counter type="CLASS" missed="2" covered="0" />
  </package>
  <package name="MetaNull.ModuleMaker/build/MetaNull.ModuleMaker/0.0.15.0/tools">
    <class name="MetaNull.ModuleMaker/build/MetaNull.ModuleMaker/0.0.15.0/tools/init" sourcefilename="build/MetaNull.ModuleMaker/0.0.15.0/tools/init.ps1">
      <method name="&lt;script&gt;" desc="()" line="1">
        <counter type="INSTRUCTION" missed="6" covered="0" />
        <counter type="LINE" missed="4" covered="0" />
        <counter type="METHOD" missed="1" covered="0" />
      </method>
      <counter type="INSTRUCTION" missed="6" covered="0" />
      <counter type="LINE" missed="4" covered="0" />
      <counter type="METHOD" missed="1" covered="0" />
      <counter type="CLASS" missed="1" covered="0" />
    </class>
    <sourcefile name="build/MetaNull.ModuleMaker/0.0.15.0/tools/init.ps1">
      <line nr="1" mi="2" ci="0" mb="0" cb="0" />
      <line nr="2" mi="1" ci="0" mb="0" cb="0" />
      <line nr="5" mi="2" ci="0" mb="0" cb="0" />
      <line nr="6" mi="1" ci="0" mb="0" cb="0" />
      <counter type="INSTRUCTION" missed="6" covered="0" />
      <counter type="LINE" missed="4" covered="0" />
      <counter type="METHOD" missed="1" covered="0" />
      <counter type="CLASS" missed="1" covered="0" />
    </sourcefile>
    <counter type="INSTRUCTION" missed="6" covered="0" />
    <counter type="LINE" missed="4" covered="0" />
    <counter type="METHOD" missed="1" covered="0" />
    <counter type="CLASS" missed="1" covered="0" />
  </package>
  <package name="MetaNull.ModuleMaker/build/MetaNull.ModuleMaker/0.0.16.0">
    <class name="MetaNull.ModuleMaker/build/MetaNull.ModuleMaker/0.0.16.0/MetaNull.ModuleMaker" sourcefilename="build/MetaNull.ModuleMaker/0.0.16.0/MetaNull.ModuleMaker.psm1">
      <method name="&lt;script&gt;" desc="()" line="3">
        <counter type="INSTRUCTION" missed="1" covered="0" />
        <counter type="LINE" missed="1" covered="0" />
        <counter type="METHOD" missed="1" covered="0" />
      </method>
      <method name="Get-ResourceDirectory" desc="()" line="16">
        <counter type="INSTRUCTION" missed="8" covered="0" />
        <counter type="LINE" missed="3" covered="0" />
        <counter type="METHOD" missed="1" covered="0" />
      </method>
      <method name="Test-JoinPath" desc="()" line="69">
        <counter type="INSTRUCTION" missed="9" covered="0" />
        <counter type="LINE" missed="8" covered="0" />
        <counter type="METHOD" missed="1" covered="0" />
      </method>
      <method name="New-Module" desc="()" line="102">
        <counter type="INSTRUCTION" missed="75" covered="0" />
        <counter type="LINE" missed="52" covered="0" />
        <counter type="METHOD" missed="1" covered="0" />
      </method>
      <counter type="INSTRUCTION" missed="93" covered="0" />
      <counter type="LINE" missed="64" covered="0" />
      <counter type="METHOD" missed="4" covered="0" />
      <counter type="CLASS" missed="1" covered="0" />
    </class>
    <sourcefile name="build/MetaNull.ModuleMaker/0.0.16.0/MetaNull.ModuleMaker.psm1">
      <line nr="3" mi="1" ci="0" mb="0" cb="0" />
      <line nr="16" mi="2" ci="0" mb="0" cb="0" />
      <line nr="19" mi="2" ci="0" mb="0" cb="0" />
      <line nr="22" mi="4" ci="0" mb="0" cb="0" />
      <line nr="69" mi="1" ci="0" mb="0" cb="0" />
      <line nr="70" mi="1" ci="0" mb="0" cb="0" />
      <line nr="71" mi="1" ci="0" mb="0" cb="0" />
      <line nr="72" mi="1" ci="0" mb="0" cb="0" />
      <line nr="74" mi="1" ci="0" mb="0" cb="0" />
      <line nr="77" mi="1" ci="0" mb="0" cb="0" />
      <line nr="78" mi="1" ci="0" mb="0" cb="0" />
      <line nr="80" mi="2" ci="0" mb="0" cb="0" />
      <line nr="102" mi="1" ci="0" mb="0" cb="0" />
      <line nr="109" mi="1" ci="0" mb="0" cb="0" />
      <line nr="123" mi="1" ci="0" mb="0" cb="0" />
      <line nr="124" mi="1" ci="0" mb="0" cb="0" />
      <line nr="129" mi="1" ci="0" mb="0" cb="0" />
      <line nr="136" mi="1" ci="0" mb="0" cb="0" />
      <line nr="146" mi="2" ci="0" mb="0" cb="0" />
      <line nr="163" mi="1" ci="0" mb="0" cb="0" />
      <line nr="164" mi="1" ci="0" mb="0" cb="0" />
      <line nr="166" mi="1" ci="0" mb="0" cb="0" />
      <line nr="167" mi="1" ci="0" mb="0" cb="0" />
      <line nr="168" mi="1" ci="0" mb="0" cb="0" />
      <line nr="169" mi="1" ci="0" mb="0" cb="0" />
      <line nr="170" mi="2" ci="0" mb="0" cb="0" />
      <line nr="171" mi="1" ci="0" mb="0" cb="0" />
      <line nr="173" mi="1" ci="0" mb="0" cb="0" />
      <line nr="177" mi="1" ci="0" mb="0" cb="0" />
      <line nr="178" mi="2" ci="0" mb="0" cb="0" />
      <line nr="179" mi="2" ci="0" mb="0" cb="0" />
      <line nr="180" mi="2" ci="0" mb="0" cb="0" />
      <line nr="181" mi="2" ci="0" mb="0" cb="0" />
      <line nr="182" mi="2" ci="0" mb="0" cb="0" />
      <line nr="183" mi="2" ci="0" mb="0" cb="0" />
      <line nr="184" mi="2" ci="0" mb="0" cb="0" />
      <line nr="187" mi="2" ci="0" mb="0" cb="0" />
      <line nr="190" mi="2" ci="0" mb="0" cb="0" />
      <line nr="193" mi="4" ci="0" mb="0" cb="0" />
      <line nr="195" mi="1" ci="0" mb="0" cb="0" />
      <line nr="196" mi="1" ci="0" mb="0" cb="0" />
      <line nr="197" mi="1" ci="0" mb="0" cb="0" />
      <line nr="200" mi="2" ci="0" mb="0" cb="0" />
      <line nr="201" mi="1" ci="0" mb="0" cb="0" />
      <line nr="202" mi="1" ci="0" mb="0" cb="0" />
      <line nr="203" mi="2" ci="0" mb="0" cb="0" />
      <line nr="204" mi="1" ci="0" mb="0" cb="0" />
      <line nr="205" mi="1" ci="0" mb="0" cb="0" />
      <line nr="206" mi="1" ci="0" mb="0" cb="0" />
      <line nr="207" mi="1" ci="0" mb="0" cb="0" />
      <line nr="208" mi="1" ci="0" mb="0" cb="0" />
      <line nr="209" mi="1" ci="0" mb="0" cb="0" />
      <line nr="210" mi="1" ci="0" mb="0" cb="0" />
      <line nr="211" mi="1" ci="0" mb="0" cb="0" />
      <line nr="213" mi="1" ci="0" mb="0" cb="0" />
      <line nr="214" mi="2" ci="0" mb="0" cb="0" />
      <line nr="216" mi="1" ci="0" mb="0" cb="0" />
      <line nr="217" mi="2" ci="0" mb="0" cb="0" />
      <line nr="219" mi="2" ci="0" mb="0" cb="0" />
      <line nr="220" mi="1" ci="0" mb="0" cb="0" />
      <line nr="221" mi="3" ci="0" mb="0" cb="0" />
      <line nr="223" mi="2" ci="0" mb="0" cb="0" />
      <line nr="226" mi="2" ci="0" mb="0" cb="0" />
      <line nr="228" mi="1" ci="0" mb="0" cb="0" />
      <counter type="INSTRUCTION" missed="93" covered="0" />
      <counter type="LINE" missed="64" covered="0" />
      <counter type="METHOD" missed="4" covered="0" />
      <counter type="CLASS" missed="1" covered="0" />
    </sourcefile>
    <counter type="INSTRUCTION" missed="93" covered="0" />
    <counter type="LINE" missed="64" covered="0" />
    <counter type="METHOD" missed="4" covered="0" />
    <counter type="CLASS" missed="1" covered="0" />
  </package>
  <package name="MetaNull.ModuleMaker/build/MetaNull.ModuleMaker/0.0.16.0/resource/dummy/source/public">
    <class name="MetaNull.ModuleMaker/build/MetaNull.ModuleMaker/0.0.16.0/resource/dummy/source/public/Get-Dummy" sourcefilename="build/MetaNull.ModuleMaker/0.0.16.0/resource/dummy/source/public/Get-Dummy.ps1">
      <method name="&lt;script&gt;" desc="()" line="9">
        <counter type="INSTRUCTION" missed="2" covered="0" />
        <counter type="LINE" missed="1" covered="0" />
        <counter type="METHOD" missed="1" covered="0" />
      </method>
      <counter type="INSTRUCTION" missed="2" covered="0" />
      <counter type="LINE" missed="1" covered="0" />
      <counter type="METHOD" missed="1" covered="0" />
      <counter type="CLASS" missed="1" covered="0" />
    </class>
    <sourcefile name="build/MetaNull.ModuleMaker/0.0.16.0/resource/dummy/source/public/Get-Dummy.ps1">
      <line nr="9" mi="2" ci="0" mb="0" cb="0" />
      <counter type="INSTRUCTION" missed="2" covered="0" />
      <counter type="LINE" missed="1" covered="0" />
      <counter type="METHOD" missed="1" covered="0" />
      <counter type="CLASS" missed="1" covered="0" />
    </sourcefile>
    <counter type="INSTRUCTION" missed="2" covered="0" />
    <counter type="LINE" missed="1" covered="0" />
    <counter type="METHOD" missed="1" covered="0" />
    <counter type="CLASS" missed="1" covered="0" />
  </package>
  <package name="MetaNull.ModuleMaker/build/MetaNull.ModuleMaker/0.0.16.0/resource/script">
    <class name="MetaNull.ModuleMaker/build/MetaNull.ModuleMaker/0.0.16.0/resource/script/Build" sourcefilename="build/MetaNull.ModuleMaker/0.0.16.0/resource/script/Build.ps1">
      <method name="&lt;script&gt;" desc="()" line="8">
        <counter type="INSTRUCTION" missed="245" covered="0" />
        <counter type="LINE" missed="139" covered="0" />
        <counter type="METHOD" missed="1" covered="0" />
      </method>
      <counter type="INSTRUCTION" missed="245" covered="0" />
      <counter type="LINE" missed="139" covered="0" />
      <counter type="METHOD" missed="1" covered="0" />
      <counter type="CLASS" missed="1" covered="0" />
    </class>
    <class name="MetaNull.ModuleMaker/build/MetaNull.ModuleMaker/0.0.16.0/resource/script/Publish" sourcefilename="build/MetaNull.ModuleMaker/0.0.16.0/resource/script/Publish.ps1">
      <method name="&lt;script&gt;" desc="()" line="26">
        <counter type="INSTRUCTION" missed="94" covered="0" />
        <counter type="LINE" missed="53" covered="0" />
        <counter type="METHOD" missed="1" covered="0" />
      </method>
      <counter type="INSTRUCTION" missed="94" covered="0" />
      <counter type="LINE" missed="53" covered="0" />
      <counter type="METHOD" missed="1" covered="0" />
      <counter type="CLASS" missed="1" covered="0" />
    </class>
    <sourcefile name="build/MetaNull.ModuleMaker/0.0.16.0/resource/script/Build.ps1">
      <line nr="8" mi="1" ci="0" mb="0" cb="0" />
      <line nr="10" mi="1" ci="0" mb="0" cb="0" />
      <line nr="12" mi="2" ci="0" mb="0" cb="0" />
      <line nr="15" mi="1" ci="0" mb="0" cb="0" />
      <line nr="16" mi="1" ci="0" mb="0" cb="0" />
      <line nr="18" mi="2" ci="0" mb="0" cb="0" />
      <line nr="21" mi="1" ci="0" mb="0" cb="0" />
      <line nr="22" mi="1" ci="0" mb="0" cb="0" />
      <line nr="25" mi="2" ci="0" mb="0" cb="0" />
      <line nr="26" mi="2" ci="0" mb="0" cb="0" />
      <line nr="27" mi="2" ci="0" mb="0" cb="0" />
      <line nr="31" mi="1" ci="0" mb="0" cb="0" />
      <line nr="32" mi="1" ci="0" mb="0" cb="0" />
      <line nr="33" mi="2" ci="0" mb="0" cb="0" />
      <line nr="34" mi="2" ci="0" mb="0" cb="0" />
      <line nr="37" mi="3" ci="0" mb="0" cb="0" />
      <line nr="38" mi="3" ci="0" mb="0" cb="0" />
      <line nr="39" mi="2" ci="0" mb="0" cb="0" />
      <line nr="40" mi="2" ci="0" mb="0" cb="0" />
      <line nr="45" mi="1" ci="0" mb="0" cb="0" />
      <line nr="46" mi="2" ci="0" mb="0" cb="0" />
      <line nr="47" mi="2" ci="0" mb="0" cb="0" />
      <line nr="48" mi="2" ci="0" mb="0" cb="0" />
      <line nr="49" mi="2" ci="0" mb="0" cb="0" />
      <line nr="52" mi="1" ci="0" mb="0" cb="0" />
      <line nr="53" mi="1" ci="0" mb="0" cb="0" />
      <line nr="54" mi="1" ci="0" mb="0" cb="0" />
      <line nr="55" mi="1" ci="0" mb="0" cb="0" />
      <line nr="56" mi="1" ci="0" mb="0" cb="0" />
      <line nr="58" mi="1" ci="0" mb="0" cb="0" />
      <line nr="59" mi="1" ci="0" mb="0" cb="0" />
      <line nr="60" mi="1" ci="0" mb="0" cb="0" />
      <line nr="62" mi="1" ci="0" mb="0" cb="0" />
      <line nr="63" mi="1" ci="0" mb="0" cb="0" />
      <line nr="65" mi="1" ci="0" mb="0" cb="0" />
      <line nr="66" mi="5" ci="0" mb="0" cb="0" />
      <line nr="67" mi="2" ci="0" mb="0" cb="0" />
      <line nr="70" mi="2" ci="0" mb="0" cb="0" />
      <line nr="71" mi="2" ci="0" mb="0" cb="0" />
      <line nr="72" mi="1" ci="0" mb="0" cb="0" />
      <line nr="73" mi="1" ci="0" mb="0" cb="0" />
      <line nr="75" mi="1" ci="0" mb="0" cb="0" />
      <line nr="76" mi="2" ci="0" mb="0" cb="0" />
      <line nr="77" mi="1" ci="0" mb="0" cb="0" />
      <line nr="80" mi="1" ci="0" mb="0" cb="0" />
      <line nr="81" mi="3" ci="0" mb="0" cb="0" />
      <line nr="84" mi="2" ci="0" mb="0" cb="0" />
      <line nr="85" mi="2" ci="0" mb="0" cb="0" />
      <line nr="86" mi="2" ci="0" mb="0" cb="0" />
      <line nr="89" mi="2" ci="0" mb="0" cb="0" />
      <line nr="90" mi="2" ci="0" mb="0" cb="0" />
      <line nr="91" mi="2" ci="0" mb="0" cb="0" />
      <line nr="94" mi="1" ci="0" mb="0" cb="0" />
      <line nr="95" mi="2" ci="0" mb="0" cb="0" />
      <line nr="96" mi="2" ci="0" mb="0" cb="0" />
      <line nr="99" mi="1" ci="0" mb="0" cb="0" />
      <line nr="100" mi="2" ci="0" mb="0" cb="0" />
      <line nr="101" mi="2" ci="0" mb="0" cb="0" />
      <line nr="103" mi="1" ci="0" mb="0" cb="0" />
      <line nr="105" mi="1" ci="0" mb="0" cb="0" />
      <line nr="123" mi="1" ci="0" mb="0" cb="0" />
      <line nr="126" mi="1" ci="0" mb="0" cb="0" />
      <line nr="129" mi="1" ci="0" mb="0" cb="0" />
      <line nr="132" mi="1" ci="0" mb="0" cb="0" />
      <line nr="133" mi="2" ci="0" mb="0" cb="0" />
      <line nr="134" mi="1" ci="0" mb="0" cb="0" />
      <line nr="135" mi="1" ci="0" mb="0" cb="0" />
      <line nr="136" mi="1" ci="0" mb="0" cb="0" />
      <line nr="137" mi="1" ci="0" mb="0" cb="0" />
      <line nr="141" mi="2" ci="0" mb="0" cb="0" />
      <line nr="145" mi="1" ci="0" mb="0" cb="0" />
      <line nr="146" mi="2" ci="0" mb="0" cb="0" />
      <line nr="147" mi="3" ci="0" mb="0" cb="0" />
      <line nr="150" mi="3" ci="0" mb="0" cb="0" />
      <line nr="154" mi="1" ci="0" mb="0" cb="0" />
      <line nr="156" mi="2" ci="0" mb="0" cb="0" />
      <line nr="157" mi="1" ci="0" mb="0" cb="0" />
      <line nr="158" mi="2" ci="0" mb="0" cb="0" />
      <line nr="159" mi="2" ci="0" mb="0" cb="0" />
      <line nr="164" mi="3" ci="0" mb="0" cb="0" />
      <line nr="165" mi="1" ci="0" mb="0" cb="0" />
      <line nr="166" mi="2" ci="0" mb="0" cb="0" />
      <line nr="167" mi="2" ci="0" mb="0" cb="0" />
      <line nr="171" mi="3" ci="0" mb="0" cb="0" />
      <line nr="172" mi="1" ci="0" mb="0" cb="0" />
      <line nr="173" mi="1" ci="0" mb="0" cb="0" />
      <line nr="174" mi="3" ci="0" mb="0" cb="0" />
      <line nr="175" mi="3" ci="0" mb="0" cb="0" />
      <line nr="176" mi="2" ci="0" mb="0" cb="0" />
      <line nr="177" mi="2" ci="0" mb="0" cb="0" />
      <line nr="181" mi="3" ci="0" mb="0" cb="0" />
      <line nr="182" mi="1" ci="0" mb="0" cb="0" />
      <line nr="183" mi="1" ci="0" mb="0" cb="0" />
      <line nr="184" mi="3" ci="0" mb="0" cb="0" />
      <line nr="185" mi="3" ci="0" mb="0" cb="0" />
      <line nr="186" mi="2" ci="0" mb="0" cb="0" />
      <line nr="187" mi="2" ci="0" mb="0" cb="0" />
      <line nr="188" mi="1" ci="0" mb="0" cb="0" />
      <line nr="193" mi="3" ci="0" mb="0" cb="0" />
      <line nr="194" mi="1" ci="0" mb="0" cb="0" />
      <line nr="195" mi="2" ci="0" mb="0" cb="0" />
      <line nr="196" mi="2" ci="0" mb="0" cb="0" />
      <line nr="206" mi="3" ci="0" mb="0" cb="0" />
      <line nr="207" mi="1" ci="0" mb="0" cb="0" />
      <line nr="208" mi="2" ci="0" mb="0" cb="0" />
      <line nr="209" mi="1" ci="0" mb="0" cb="0" />
      <line nr="210" mi="2" ci="0" mb="0" cb="0" />
      <line nr="214" mi="3" ci="0" mb="0" cb="0" />
      <line nr="215" mi="1" ci="0" mb="0" cb="0" />
      <line nr="216" mi="2" ci="0" mb="0" cb="0" />
      <line nr="217" mi="1" ci="0" mb="0" cb="0" />
      <line nr="218" mi="2" ci="0" mb="0" cb="0" />
      <line nr="222" mi="1" ci="0" mb="0" cb="0" />
      <line nr="223" mi="3" ci="0" mb="0" cb="0" />
      <line nr="226" mi="1" ci="0" mb="0" cb="0" />
      <line nr="227" mi="1" ci="0" mb="0" cb="0" />
      <line nr="228" mi="2" ci="0" mb="0" cb="0" />
      <line nr="229" mi="1" ci="0" mb="0" cb="0" />
      <line nr="230" mi="1" ci="0" mb="0" cb="0" />
      <line nr="231" mi="1" ci="0" mb="0" cb="0" />
      <line nr="232" mi="6" ci="0" mb="0" cb="0" />
      <line nr="233" mi="6" ci="0" mb="0" cb="0" />
      <line nr="235" mi="1" ci="0" mb="0" cb="0" />
      <line nr="236" mi="1" ci="0" mb="0" cb="0" />
      <line nr="238" mi="1" ci="0" mb="0" cb="0" />
      <line nr="239" mi="1" ci="0" mb="0" cb="0" />
      <line nr="242" mi="1" ci="0" mb="0" cb="0" />
      <line nr="245" mi="2" ci="0" mb="0" cb="0" />
      <line nr="246" mi="1" ci="0" mb="0" cb="0" />
      <line nr="249" mi="3" ci="0" mb="0" cb="0" />
      <line nr="109" mi="1" ci="0" mb="0" cb="0" />
      <line nr="111" mi="1" ci="0" mb="0" cb="0" />
      <line nr="112" mi="2" ci="0" mb="0" cb="0" />
      <line nr="113" mi="3" ci="0" mb="0" cb="0" />
      <line nr="114" mi="3" ci="0" mb="0" cb="0" />
      <line nr="115" mi="3" ci="0" mb="0" cb="0" />
      <line nr="116" mi="3" ci="0" mb="0" cb="0" />
      <line nr="117" mi="2" ci="0" mb="0" cb="0" />
      <line nr="119" mi="2" ci="0" mb="0" cb="0" />
      <counter type="INSTRUCTION" missed="245" covered="0" />
      <counter type="LINE" missed="139" covered="0" />
      <counter type="METHOD" missed="1" covered="0" />
      <counter type="CLASS" missed="1" covered="0" />
    </sourcefile>
    <sourcefile name="build/MetaNull.ModuleMaker/0.0.16.0/resource/script/Publish.ps1">
      <line nr="26" mi="1" ci="0" mb="0" cb="0" />
      <line nr="27" mi="1" ci="0" mb="0" cb="0" />
      <line nr="29" mi="2" ci="0" mb="0" cb="0" />
      <line nr="30" mi="2" ci="0" mb="0" cb="0" />
      <line nr="32" mi="2" ci="0" mb="0" cb="0" />
      <line nr="33" mi="5" ci="0" mb="0" cb="0" />
      <line nr="35" mi="4" ci="0" mb="0" cb="0" />
      <line nr="36" mi="2" ci="0" mb="0" cb="0" />
      <line nr="44" mi="2" ci="0" mb="0" cb="0" />
      <line nr="46" mi="1" ci="0" mb="0" cb="0" />
      <line nr="48" mi="1" ci="0" mb="0" cb="0" />
      <line nr="49" mi="1" ci="0" mb="0" cb="0" />
      <line nr="52" mi="2" ci="0" mb="0" cb="0" />
      <line nr="53" mi="1" ci="0" mb="0" cb="0" />
      <line nr="54" mi="4" ci="0" mb="0" cb="0" />
      <line nr="55" mi="2" ci="0" mb="0" cb="0" />
      <line nr="59" mi="1" ci="0" mb="0" cb="0" />
      <line nr="61" mi="1" ci="0" mb="0" cb="0" />
      <line nr="62" mi="2" ci="0" mb="0" cb="0" />
      <line nr="63" mi="1" ci="0" mb="0" cb="0" />
      <line nr="67" mi="2" ci="0" mb="0" cb="0" />
      <line nr="68" mi="1" ci="0" mb="0" cb="0" />
      <line nr="69" mi="2" ci="0" mb="0" cb="0" />
      <line nr="70" mi="3" ci="0" mb="0" cb="0" />
      <line nr="74" mi="1" ci="0" mb="0" cb="0" />
      <line nr="75" mi="1" ci="0" mb="0" cb="0" />
      <line nr="76" mi="1" ci="0" mb="0" cb="0" />
      <line nr="78" mi="2" ci="0" mb="0" cb="0" />
      <line nr="79" mi="1" ci="0" mb="0" cb="0" />
      <line nr="81" mi="2" ci="0" mb="0" cb="0" />
      <line nr="82" mi="2" ci="0" mb="0" cb="0" />
      <line nr="83" mi="1" ci="0" mb="0" cb="0" />
      <line nr="84" mi="1" ci="0" mb="0" cb="0" />
      <line nr="85" mi="1" ci="0" mb="0" cb="0" />
      <line nr="88" mi="1" ci="0" mb="0" cb="0" />
      <line nr="91" mi="2" ci="0" mb="0" cb="0" />
      <line nr="92" mi="2" ci="0" mb="0" cb="0" />
      <line nr="95" mi="3" ci="0" mb="0" cb="0" />
      <line nr="96" mi="2" ci="0" mb="0" cb="0" />
      <line nr="100" mi="4" ci="0" mb="0" cb="0" />
      <line nr="101" mi="1" ci="0" mb="0" cb="0" />
      <line nr="102" mi="2" ci="0" mb="0" cb="0" />
      <line nr="104" mi="1" ci="0" mb="0" cb="0" />
      <line nr="105" mi="2" ci="0" mb="0" cb="0" />
      <line nr="106" mi="1" ci="0" mb="0" cb="0" />
      <line nr="107" mi="2" ci="0" mb="0" cb="0" />
      <line nr="108" mi="1" ci="0" mb="0" cb="0" />
      <line nr="109" mi="2" ci="0" mb="0" cb="0" />
      <line nr="111" mi="2" ci="0" mb="0" cb="0" />
      <line nr="115" mi="2" ci="0" mb="0" cb="0" />
      <line nr="117" mi="3" ci="0" mb="0" cb="0" />
      <line nr="120" mi="1" ci="0" mb="0" cb="0" />
      <line nr="40" mi="1" ci="0" mb="0" cb="0" />
      <counter type="INSTRUCTION" missed="94" covered="0" />
      <counter type="LINE" missed="53" covered="0" />
      <counter type="METHOD" missed="1" covered="0" />
      <counter type="CLASS" missed="1" covered="0" />
    </sourcefile>
    <counter type="INSTRUCTION" missed="339" covered="0" />
    <counter type="LINE" missed="192" covered="0" />
    <counter type="METHOD" missed="2" covered="0" />
    <counter type="CLASS" missed="2" covered="0" />
  </package>
  <package name="MetaNull.ModuleMaker/build/MetaNull.ModuleMaker/0.0.16.0/tools">
    <class name="MetaNull.ModuleMaker/build/MetaNull.ModuleMaker/0.0.16.0/tools/init" sourcefilename="build/MetaNull.ModuleMaker/0.0.16.0/tools/init.ps1">
      <method name="&lt;script&gt;" desc="()" line="1">
        <counter type="INSTRUCTION" missed="6" covered="0" />
        <counter type="LINE" missed="4" covered="0" />
        <counter type="METHOD" missed="1" covered="0" />
      </method>
      <counter type="INSTRUCTION" missed="6" covered="0" />
      <counter type="LINE" missed="4" covered="0" />
      <counter type="METHOD" missed="1" covered="0" />
      <counter type="CLASS" missed="1" covered="0" />
    </class>
    <sourcefile name="build/MetaNull.ModuleMaker/0.0.16.0/tools/init.ps1">
      <line nr="1" mi="2" ci="0" mb="0" cb="0" />
      <line nr="2" mi="1" ci="0" mb="0" cb="0" />
      <line nr="5" mi="2" ci="0" mb="0" cb="0" />
      <line nr="6" mi="1" ci="0" mb="0" cb="0" />
      <counter type="INSTRUCTION" missed="6" covered="0" />
      <counter type="LINE" missed="4" covered="0" />
      <counter type="METHOD" missed="1" covered="0" />
      <counter type="CLASS" missed="1" covered="0" />
    </sourcefile>
    <counter type="INSTRUCTION" missed="6" covered="0" />
    <counter type="LINE" missed="4" covered="0" />
    <counter type="METHOD" missed="1" covered="0" />
    <counter type="CLASS" missed="1" covered="0" />
  </package>
  <package name="MetaNull.ModuleMaker/build/MetaNull.ModuleMaker/0.0.17.0">
    <class name="MetaNull.ModuleMaker/build/MetaNull.ModuleMaker/0.0.17.0/MetaNull.ModuleMaker" sourcefilename="build/MetaNull.ModuleMaker/0.0.17.0/MetaNull.ModuleMaker.psm1">
      <method name="&lt;script&gt;" desc="()" line="3">
        <counter type="INSTRUCTION" missed="1" covered="0" />
        <counter type="LINE" missed="1" covered="0" />
        <counter type="METHOD" missed="1" covered="0" />
      </method>
      <method name="Get-ResourceDirectory" desc="()" line="16">
        <counter type="INSTRUCTION" missed="8" covered="0" />
        <counter type="LINE" missed="3" covered="0" />
        <counter type="METHOD" missed="1" covered="0" />
      </method>
      <method name="Test-JoinPath" desc="()" line="69">
        <counter type="INSTRUCTION" missed="9" covered="0" />
        <counter type="LINE" missed="8" covered="0" />
        <counter type="METHOD" missed="1" covered="0" />
      </method>
      <method name="New-Module" desc="()" line="102">
        <counter type="INSTRUCTION" missed="75" covered="0" />
        <counter type="LINE" missed="52" covered="0" />
        <counter type="METHOD" missed="1" covered="0" />
      </method>
      <counter type="INSTRUCTION" missed="93" covered="0" />
      <counter type="LINE" missed="64" covered="0" />
      <counter type="METHOD" missed="4" covered="0" />
      <counter type="CLASS" missed="1" covered="0" />
    </class>
    <sourcefile name="build/MetaNull.ModuleMaker/0.0.17.0/MetaNull.ModuleMaker.psm1">
      <line nr="3" mi="1" ci="0" mb="0" cb="0" />
      <line nr="16" mi="2" ci="0" mb="0" cb="0" />
      <line nr="19" mi="2" ci="0" mb="0" cb="0" />
      <line nr="22" mi="4" ci="0" mb="0" cb="0" />
      <line nr="69" mi="1" ci="0" mb="0" cb="0" />
      <line nr="70" mi="1" ci="0" mb="0" cb="0" />
      <line nr="71" mi="1" ci="0" mb="0" cb="0" />
      <line nr="72" mi="1" ci="0" mb="0" cb="0" />
      <line nr="74" mi="1" ci="0" mb="0" cb="0" />
      <line nr="77" mi="1" ci="0" mb="0" cb="0" />
      <line nr="78" mi="1" ci="0" mb="0" cb="0" />
      <line nr="80" mi="2" ci="0" mb="0" cb="0" />
      <line nr="102" mi="1" ci="0" mb="0" cb="0" />
      <line nr="109" mi="1" ci="0" mb="0" cb="0" />
      <line nr="123" mi="1" ci="0" mb="0" cb="0" />
      <line nr="124" mi="1" ci="0" mb="0" cb="0" />
      <line nr="129" mi="1" ci="0" mb="0" cb="0" />
      <line nr="136" mi="1" ci="0" mb="0" cb="0" />
      <line nr="146" mi="2" ci="0" mb="0" cb="0" />
      <line nr="163" mi="1" ci="0" mb="0" cb="0" />
      <line nr="164" mi="1" ci="0" mb="0" cb="0" />
      <line nr="166" mi="1" ci="0" mb="0" cb="0" />
      <line nr="167" mi="1" ci="0" mb="0" cb="0" />
      <line nr="168" mi="1" ci="0" mb="0" cb="0" />
      <line nr="169" mi="1" ci="0" mb="0" cb="0" />
      <line nr="170" mi="2" ci="0" mb="0" cb="0" />
      <line nr="171" mi="1" ci="0" mb="0" cb="0" />
      <line nr="173" mi="1" ci="0" mb="0" cb="0" />
      <line nr="177" mi="1" ci="0" mb="0" cb="0" />
      <line nr="178" mi="2" ci="0" mb="0" cb="0" />
      <line nr="179" mi="2" ci="0" mb="0" cb="0" />
      <line nr="180" mi="2" ci="0" mb="0" cb="0" />
      <line nr="181" mi="2" ci="0" mb="0" cb="0" />
      <line nr="182" mi="2" ci="0" mb="0" cb="0" />
      <line nr="183" mi="2" ci="0" mb="0" cb="0" />
      <line nr="184" mi="2" ci="0" mb="0" cb="0" />
      <line nr="187" mi="2" ci="0" mb="0" cb="0" />
      <line nr="190" mi="2" ci="0" mb="0" cb="0" />
      <line nr="193" mi="4" ci="0" mb="0" cb="0" />
      <line nr="195" mi="1" ci="0" mb="0" cb="0" />
      <line nr="196" mi="1" ci="0" mb="0" cb="0" />
      <line nr="197" mi="1" ci="0" mb="0" cb="0" />
      <line nr="200" mi="2" ci="0" mb="0" cb="0" />
      <line nr="201" mi="1" ci="0" mb="0" cb="0" />
      <line nr="202" mi="1" ci="0" mb="0" cb="0" />
      <line nr="203" mi="2" ci="0" mb="0" cb="0" />
      <line nr="204" mi="1" ci="0" mb="0" cb="0" />
      <line nr="205" mi="1" ci="0" mb="0" cb="0" />
      <line nr="206" mi="1" ci="0" mb="0" cb="0" />
      <line nr="207" mi="1" ci="0" mb="0" cb="0" />
      <line nr="208" mi="1" ci="0" mb="0" cb="0" />
      <line nr="209" mi="1" ci="0" mb="0" cb="0" />
      <line nr="210" mi="1" ci="0" mb="0" cb="0" />
      <line nr="211" mi="1" ci="0" mb="0" cb="0" />
      <line nr="213" mi="1" ci="0" mb="0" cb="0" />
      <line nr="214" mi="2" ci="0" mb="0" cb="0" />
      <line nr="216" mi="1" ci="0" mb="0" cb="0" />
      <line nr="217" mi="2" ci="0" mb="0" cb="0" />
      <line nr="219" mi="2" ci="0" mb="0" cb="0" />
      <line nr="220" mi="1" ci="0" mb="0" cb="0" />
      <line nr="221" mi="3" ci="0" mb="0" cb="0" />
      <line nr="223" mi="2" ci="0" mb="0" cb="0" />
      <line nr="226" mi="2" ci="0" mb="0" cb="0" />
      <line nr="228" mi="1" ci="0" mb="0" cb="0" />
      <counter type="INSTRUCTION" missed="93" covered="0" />
      <counter type="LINE" missed="64" covered="0" />
      <counter type="METHOD" missed="4" covered="0" />
      <counter type="CLASS" missed="1" covered="0" />
    </sourcefile>
    <counter type="INSTRUCTION" missed="93" covered="0" />
    <counter type="LINE" missed="64" covered="0" />
    <counter type="METHOD" missed="4" covered="0" />
    <counter type="CLASS" missed="1" covered="0" />
  </package>
  <package name="MetaNull.ModuleMaker/build/MetaNull.ModuleMaker/0.0.17.0/resource/dummy/source/public">
    <class name="MetaNull.ModuleMaker/build/MetaNull.ModuleMaker/0.0.17.0/resource/dummy/source/public/Get-Dummy" sourcefilename="build/MetaNull.ModuleMaker/0.0.17.0/resource/dummy/source/public/Get-Dummy.ps1">
      <method name="&lt;script&gt;" desc="()" line="9">
        <counter type="INSTRUCTION" missed="2" covered="0" />
        <counter type="LINE" missed="1" covered="0" />
        <counter type="METHOD" missed="1" covered="0" />
      </method>
      <counter type="INSTRUCTION" missed="2" covered="0" />
      <counter type="LINE" missed="1" covered="0" />
      <counter type="METHOD" missed="1" covered="0" />
      <counter type="CLASS" missed="1" covered="0" />
    </class>
    <sourcefile name="build/MetaNull.ModuleMaker/0.0.17.0/resource/dummy/source/public/Get-Dummy.ps1">
      <line nr="9" mi="2" ci="0" mb="0" cb="0" />
      <counter type="INSTRUCTION" missed="2" covered="0" />
      <counter type="LINE" missed="1" covered="0" />
      <counter type="METHOD" missed="1" covered="0" />
      <counter type="CLASS" missed="1" covered="0" />
    </sourcefile>
    <counter type="INSTRUCTION" missed="2" covered="0" />
    <counter type="LINE" missed="1" covered="0" />
    <counter type="METHOD" missed="1" covered="0" />
    <counter type="CLASS" missed="1" covered="0" />
  </package>
  <package name="MetaNull.ModuleMaker/build/MetaNull.ModuleMaker/0.0.17.0/resource/script">
    <class name="MetaNull.ModuleMaker/build/MetaNull.ModuleMaker/0.0.17.0/resource/script/Build" sourcefilename="build/MetaNull.ModuleMaker/0.0.17.0/resource/script/Build.ps1">
      <method name="&lt;script&gt;" desc="()" line="8">
        <counter type="INSTRUCTION" missed="245" covered="0" />
        <counter type="LINE" missed="139" covered="0" />
        <counter type="METHOD" missed="1" covered="0" />
      </method>
      <counter type="INSTRUCTION" missed="245" covered="0" />
      <counter type="LINE" missed="139" covered="0" />
      <counter type="METHOD" missed="1" covered="0" />
      <counter type="CLASS" missed="1" covered="0" />
    </class>
    <class name="MetaNull.ModuleMaker/build/MetaNull.ModuleMaker/0.0.17.0/resource/script/Publish" sourcefilename="build/MetaNull.ModuleMaker/0.0.17.0/resource/script/Publish.ps1">
      <method name="&lt;script&gt;" desc="()" line="26">
        <counter type="INSTRUCTION" missed="94" covered="0" />
        <counter type="LINE" missed="53" covered="0" />
        <counter type="METHOD" missed="1" covered="0" />
      </method>
      <counter type="INSTRUCTION" missed="94" covered="0" />
      <counter type="LINE" missed="53" covered="0" />
      <counter type="METHOD" missed="1" covered="0" />
      <counter type="CLASS" missed="1" covered="0" />
    </class>
    <sourcefile name="build/MetaNull.ModuleMaker/0.0.17.0/resource/script/Build.ps1">
      <line nr="8" mi="1" ci="0" mb="0" cb="0" />
      <line nr="10" mi="1" ci="0" mb="0" cb="0" />
      <line nr="12" mi="2" ci="0" mb="0" cb="0" />
      <line nr="15" mi="1" ci="0" mb="0" cb="0" />
      <line nr="16" mi="1" ci="0" mb="0" cb="0" />
      <line nr="18" mi="2" ci="0" mb="0" cb="0" />
      <line nr="21" mi="1" ci="0" mb="0" cb="0" />
[...]
      <line nr="253" mi="6" ci="0" mb="0" cb="0" />
      <line nr="254" mi="6" ci="0" mb="0" cb="0" />
      <line nr="256" mi="1" ci="0" mb="0" cb="0" />
      <line nr="257" mi="1" ci="0" mb="0" cb="0" />
      <line nr="259" mi="1" ci="0" mb="0" cb="0" />
      <line nr="260" mi="1" ci="0" mb="0" cb="0" />
      <line nr="263" mi="1" ci="0" mb="0" cb="0" />
      <line nr="266" mi="2" ci="0" mb="0" cb="0" />
      <line nr="267" mi="1" ci="0" mb="0" cb="0" />
      <line nr="270" mi="3" ci="0" mb="0" cb="0" />
      <line nr="128" mi="1" ci="0" mb="0" cb="0" />
      <line nr="130" mi="1" ci="0" mb="0" cb="0" />
      <line nr="131" mi="2" ci="0" mb="0" cb="0" />
      <line nr="132" mi="3" ci="0" mb="0" cb="0" />
      <line nr="133" mi="3" ci="0" mb="0" cb="0" />
      <line nr="134" mi="3" ci="0" mb="0" cb="0" />
      <line nr="135" mi="3" ci="0" mb="0" cb="0" />
      <line nr="136" mi="2" ci="0" mb="0" cb="0" />
      <line nr="138" mi="2" ci="0" mb="0" cb="0" />
      <counter type="INSTRUCTION" missed="248" covered="0" />
      <counter type="LINE" missed="140" covered="0" />
      <counter type="METHOD" missed="1" covered="0" />
      <counter type="CLASS" missed="1" covered="0" />
    </sourcefile>
    <sourcefile name="resource/script/Publish.ps1">
      <line nr="23" mi="1" ci="0" mb="0" cb="0" />
      <line nr="24" mi="1" ci="0" mb="0" cb="0" />
      <line nr="26" mi="1" ci="0" mb="0" cb="0" />
      <line nr="40" mi="1" ci="0" mb="0" cb="0" />
      <line nr="42" mi="1" ci="0" mb="0" cb="0" />
      <line nr="44" mi="1" ci="0" mb="0" cb="0" />
      <line nr="45" mi="2" ci="0" mb="0" cb="0" />
      <line nr="46" mi="2" ci="0" mb="0" cb="0" />
      <line nr="48" mi="2" ci="0" mb="0" cb="0" />
      <line nr="49" mi="5" ci="0" mb="0" cb="0" />
      <line nr="51" mi="4" ci="0" mb="0" cb="0" />
      <line nr="54" mi="1" ci="0" mb="0" cb="0" />
      <line nr="57" mi="1" ci="0" mb="0" cb="0" />
      <counter type="INSTRUCTION" missed="23" covered="0" />
      <counter type="LINE" missed="13" covered="0" />
      <counter type="METHOD" missed="1" covered="0" />
      <counter type="CLASS" missed="1" covered="0" />
    </sourcefile>
    <counter type="INSTRUCTION" missed="271" covered="0" />
    <counter type="LINE" missed="153" covered="0" />
    <counter type="METHOD" missed="2" covered="0" />
    <counter type="CLASS" missed="2" covered="0" />
  </package>
  <package name="MetaNull.ModuleMaker/source/init">
    <class name="MetaNull.ModuleMaker/source/init/Init" sourcefilename="source/init/Init.ps1">
      <method name="&lt;script&gt;" desc="()" line="3">
        <counter type="INSTRUCTION" missed="1" covered="0" />
        <counter type="LINE" missed="1" covered="0" />
        <counter type="METHOD" missed="1" covered="0" />
      </method>
      <counter type="INSTRUCTION" missed="1" covered="0" />
      <counter type="LINE" missed="1" covered="0" />
      <counter type="METHOD" missed="1" covered="0" />
      <counter type="CLASS" missed="1" covered="0" />
    </class>
    <sourcefile name="source/init/Init.ps1">
      <line nr="3" mi="1" ci="0" mb="0" cb="0" />
      <counter type="INSTRUCTION" missed="1" covered="0" />
      <counter type="LINE" missed="1" covered="0" />
      <counter type="METHOD" missed="1" covered="0" />
      <counter type="CLASS" missed="1" covered="0" />
    </sourcefile>
    <counter type="INSTRUCTION" missed="1" covered="0" />
    <counter type="LINE" missed="1" covered="0" />
    <counter type="METHOD" missed="1" covered="0" />
    <counter type="CLASS" missed="1" covered="0" />
  </package>
  <package name="MetaNull.ModuleMaker/source/private">
    <class name="MetaNull.ModuleMaker/source/private/Get-ResourceDirectory" sourcefilename="source/private/Get-ResourceDirectory.ps1">
      <method name="&lt;script&gt;" desc="()" line="12">
        <counter type="INSTRUCTION" missed="8" covered="0" />
        <counter type="LINE" missed="3" covered="0" />
        <counter type="METHOD" missed="1" covered="0" />
      </method>
      <counter type="INSTRUCTION" missed="8" covered="0" />
      <counter type="LINE" missed="3" covered="0" />
      <counter type="METHOD" missed="1" covered="0" />
      <counter type="CLASS" missed="1" covered="0" />
    </class>
    <class name="MetaNull.ModuleMaker/source/private/Test-JoinPath" sourcefilename="source/private/Test-JoinPath.ps1">
      <method name="&lt;script&gt;" desc="()" line="43">
        <counter type="INSTRUCTION" missed="9" covered="0" />
        <counter type="LINE" missed="8" covered="0" />
        <counter type="METHOD" missed="1" covered="0" />
      </method>
      <counter type="INSTRUCTION" missed="9" covered="0" />
      <counter type="LINE" missed="8" covered="0" />
      <counter type="METHOD" missed="1" covered="0" />
      <counter type="CLASS" missed="1" covered="0" />
    </class>
    <class name="MetaNull.ModuleMaker/source/private/Test-ModuleDefinition" sourcefilename="source/private/Test-ModuleDefinition.ps1">
      <method name="&lt;script&gt;" desc="()" line="10">
        <counter type="INSTRUCTION" missed="52" covered="0" />
        <counter type="LINE" missed="39" covered="0" />
        <counter type="METHOD" missed="1" covered="0" />
      </method>
      <counter type="INSTRUCTION" missed="52" covered="0" />
      <counter type="LINE" missed="39" covered="0" />
      <counter type="METHOD" missed="1" covered="0" />
      <counter type="CLASS" missed="1" covered="0" />
    </class>
    <sourcefile name="source/private/Get-ResourceDirectory.ps1">
      <line nr="12" mi="2" ci="0" mb="0" cb="0" />
      <line nr="15" mi="2" ci="0" mb="0" cb="0" />
      <line nr="18" mi="4" ci="0" mb="0" cb="0" />
      <counter type="INSTRUCTION" missed="8" covered="0" />
      <counter type="LINE" missed="3" covered="0" />
      <counter type="METHOD" missed="1" covered="0" />
      <counter type="CLASS" missed="1" covered="0" />
    </sourcefile>
    <sourcefile name="source/private/Test-JoinPath.ps1">
      <line nr="43" mi="1" ci="0" mb="0" cb="0" />
      <line nr="44" mi="1" ci="0" mb="0" cb="0" />
      <line nr="45" mi="1" ci="0" mb="0" cb="0" />
      <line nr="46" mi="1" ci="0" mb="0" cb="0" />
      <line nr="48" mi="1" ci="0" mb="0" cb="0" />
      <line nr="51" mi="1" ci="0" mb="0" cb="0" />
      <line nr="52" mi="1" ci="0" mb="0" cb="0" />
      <line nr="54" mi="2" ci="0" mb="0" cb="0" />
      <counter type="INSTRUCTION" missed="9" covered="0" />
      <counter type="LINE" missed="8" covered="0" />
      <counter type="METHOD" missed="1" covered="0" />
      <counter type="CLASS" missed="1" covered="0" />
    </sourcefile>
    <sourcefile name="source/private/Test-ModuleDefinition.ps1">
      <line nr="10" mi="1" ci="0" mb="0" cb="0" />
      <line nr="12" mi="1" ci="0" mb="0" cb="0" />
      <line nr="13" mi="1" ci="0" mb="0" cb="0" />
      <line nr="14" mi="1" ci="0" mb="0" cb="0" />
      <line nr="15" mi="1" ci="0" mb="0" cb="0" />
      <line nr="17" mi="2" ci="0" mb="0" cb="0" />
      <line nr="18" mi="1" ci="0" mb="0" cb="0" />
      <line nr="19" mi="1" ci="0" mb="0" cb="0" />
      <line nr="22" mi="1" ci="0" mb="0" cb="0" />
      <line nr="23" mi="1" ci="0" mb="0" cb="0" />
      <line nr="25" mi="1" ci="0" mb="0" cb="0" />
      <line nr="26" mi="1" ci="0" mb="0" cb="0" />
      <line nr="27" mi="1" ci="0" mb="0" cb="0" />
      <line nr="29" mi="1" ci="0" mb="0" cb="0" />
      <line nr="30" mi="1" ci="0" mb="0" cb="0" />
      <line nr="31" mi="1" ci="0" mb="0" cb="0" />
      <line nr="33" mi="1" ci="0" mb="0" cb="0" />
      <line nr="34" mi="1" ci="0" mb="0" cb="0" />
      <line nr="35" mi="1" ci="0" mb="0" cb="0" />
      <line nr="38" mi="2" ci="0" mb="0" cb="0" />
      <line nr="40" mi="2" ci="0" mb="0" cb="0" />
      <line nr="41" mi="1" ci="0" mb="0" cb="0" />
      <line nr="42" mi="3" ci="0" mb="0" cb="0" />
      <line nr="43" mi="1" ci="0" mb="0" cb="0" />
      <line nr="44" mi="1" ci="0" mb="0" cb="0" />
      <line nr="46" mi="3" ci="0" mb="0" cb="0" />
      <line nr="47" mi="1" ci="0" mb="0" cb="0" />
      <line nr="48" mi="1" ci="0" mb="0" cb="0" />
      <line nr="50" mi="3" ci="0" mb="0" cb="0" />
      <line nr="51" mi="1" ci="0" mb="0" cb="0" />
      <line nr="52" mi="1" ci="0" mb="0" cb="0" />
      <line nr="54" mi="3" ci="0" mb="0" cb="0" />
      <line nr="55" mi="1" ci="0" mb="0" cb="0" />
      <line nr="56" mi="1" ci="0" mb="0" cb="0" />
      <line nr="59" mi="2" ci="0" mb="0" cb="0" />
      <line nr="61" mi="1" ci="0" mb="0" cb="0" />
      <line nr="63" mi="2" ci="0" mb="0" cb="0" />
      <line nr="66" mi="1" ci="0" mb="0" cb="0" />
      <line nr="68" mi="1" ci="0" mb="0" cb="0" />
      <counter type="INSTRUCTION" missed="52" covered="0" />
      <counter type="LINE" missed="39" covered="0" />
      <counter type="METHOD" missed="1" covered="0" />
      <counter type="CLASS" missed="1" covered="0" />
    </sourcefile>
    <counter type="INSTRUCTION" missed="69" covered="0" />
    <counter type="LINE" missed="50" covered="0" />
    <counter type="METHOD" missed="3" covered="0" />
    <counter type="CLASS" missed="3" covered="0" />
  </package>
  <package name="MetaNull.ModuleMaker/source/public">
    <class name="MetaNull.ModuleMaker/source/public/Invoke-BuildModule" sourcefilename="source/public/Invoke-BuildModule.ps1">
      <method name="&lt;script&gt;" desc="()" line="5">
        <counter type="INSTRUCTION" missed="18" covered="0" />
        <counter type="LINE" missed="13" covered="0" />
        <counter type="METHOD" missed="1" covered="0" />
      </method>
      <counter type="INSTRUCTION" missed="18" covered="0" />
      <counter type="LINE" missed="13" covered="0" />
      <counter type="METHOD" missed="1" covered="0" />
      <counter type="CLASS" missed="1" covered="0" />
    </class>
    <class name="MetaNull.ModuleMaker/source/public/Invoke-PublishModule" sourcefilename="source/public/Invoke-PublishModule.ps1">
      <method name="&lt;script&gt;" desc="()" line="5">
        <counter type="INSTRUCTION" missed="18" covered="0" />
        <counter type="LINE" missed="13" covered="0" />
        <counter type="METHOD" missed="1" covered="0" />
      </method>
      <counter type="INSTRUCTION" missed="18" covered="0" />
      <counter type="LINE" missed="13" covered="0" />
      <counter type="METHOD" missed="1" covered="0" />
      <counter type="CLASS" missed="1" covered="0" />
    </class>
    <class name="MetaNull.ModuleMaker/source/public/Invoke-TestModule" sourcefilename="source/public/Invoke-TestModule.ps1">
      <method name="&lt;script&gt;" desc="()" line="5">
        <counter type="INSTRUCTION" missed="13" covered="0" />
        <counter type="LINE" missed="10" covered="0" />
        <counter type="METHOD" missed="1" covered="0" />
      </method>
      <counter type="INSTRUCTION" missed="13" covered="0" />
      <counter type="LINE" missed="10" covered="0" />
      <counter type="METHOD" missed="1" covered="0" />
      <counter type="CLASS" missed="1" covered="0" />
    </class>
    <class name="MetaNull.ModuleMaker/source/public/New-Module" sourcefilename="source/public/New-Module.ps1">
      <method name="&lt;script&gt;" desc="()" line="79">
        <counter type="INSTRUCTION" missed="77" covered="0" />
        <counter type="LINE" missed="53" covered="0" />
        <counter type="METHOD" missed="1" covered="0" />
      </method>
      <counter type="INSTRUCTION" missed="77" covered="0" />
      <counter type="LINE" missed="53" covered="0" />
      <counter type="METHOD" missed="1" covered="0" />
      <counter type="CLASS" missed="1" covered="0" />
    </class>
    <class name="MetaNull.ModuleMaker/source/public/New-ModuleFunction" sourcefilename="source/public/New-ModuleFunction.ps1">
      <method name="&lt;script&gt;" desc="()" line="24">
        <counter type="INSTRUCTION" missed="32" covered="0" />
        <counter type="LINE" missed="22" covered="0" />
        <counter type="METHOD" missed="1" covered="0" />
      </method>
      <counter type="INSTRUCTION" missed="32" covered="0" />
      <counter type="LINE" missed="22" covered="0" />
      <counter type="METHOD" missed="1" covered="0" />
      <counter type="CLASS" missed="1" covered="0" />
    </class>
    <sourcefile name="source/public/Invoke-BuildModule.ps1">
      <line nr="5" mi="1" ci="0" mb="0" cb="0" />
      <line nr="17" mi="1" ci="0" mb="0" cb="0" />
      <line nr="18" mi="1" ci="0" mb="0" cb="0" />
      <line nr="20" mi="2" ci="0" mb="0" cb="0" />
      <line nr="21" mi="1" ci="0" mb="0" cb="0" />
      <line nr="22" mi="2" ci="0" mb="0" cb="0" />
      <line nr="24" mi="3" ci="0" mb="0" cb="0" />
      <line nr="25" mi="1" ci="0" mb="0" cb="0" />
      <line nr="26" mi="1" ci="0" mb="0" cb="0" />
      <line nr="28" mi="1" ci="0" mb="0" cb="0" />
      <line nr="30" mi="2" ci="0" mb="0" cb="0" />
      <line nr="32" mi="1" ci="0" mb="0" cb="0" />
      <line nr="33" mi="1" ci="0" mb="0" cb="0" />
      <counter type="INSTRUCTION" missed="18" covered="0" />
      <counter type="LINE" missed="13" covered="0" />
      <counter type="METHOD" missed="1" covered="0" />
      <counter type="CLASS" missed="1" covered="0" />
    </sourcefile>
    <sourcefile name="source/public/Invoke-PublishModule.ps1">
      <line nr="5" mi="1" ci="0" mb="0" cb="0" />
      <line nr="29" mi="1" ci="0" mb="0" cb="0" />
      <line nr="30" mi="1" ci="0" mb="0" cb="0" />
      <line nr="32" mi="2" ci="0" mb="0" cb="0" />
      <line nr="33" mi="1" ci="0" mb="0" cb="0" />
      <line nr="34" mi="2" ci="0" mb="0" cb="0" />
      <line nr="36" mi="3" ci="0" mb="0" cb="0" />
      <line nr="37" mi="1" ci="0" mb="0" cb="0" />
      <line nr="38" mi="1" ci="0" mb="0" cb="0" />
      <line nr="40" mi="1" ci="0" mb="0" cb="0" />
      <line nr="42" mi="2" ci="0" mb="0" cb="0" />
      <line nr="44" mi="1" ci="0" mb="0" cb="0" />
      <line nr="45" mi="1" ci="0" mb="0" cb="0" />
      <counter type="INSTRUCTION" missed="18" covered="0" />
      <counter type="LINE" missed="13" covered="0" />
      <counter type="METHOD" missed="1" covered="0" />
      <counter type="CLASS" missed="1" covered="0" />
    </sourcefile>
    <sourcefile name="source/public/Invoke-TestModule.ps1">
      <line nr="5" mi="1" ci="0" mb="0" cb="0" />
      <line nr="11" mi="1" ci="0" mb="0" cb="0" />
      <line nr="12" mi="1" ci="0" mb="0" cb="0" />
      <line nr="14" mi="2" ci="0" mb="0" cb="0" />
      <line nr="15" mi="1" ci="0" mb="0" cb="0" />
      <line nr="16" mi="2" ci="0" mb="0" cb="0" />
      <line nr="18" mi="1" ci="0" mb="0" cb="0" />
      <line nr="20" mi="2" ci="0" mb="0" cb="0" />
      <line nr="22" mi="1" ci="0" mb="0" cb="0" />
      <line nr="23" mi="1" ci="0" mb="0" cb="0" />
      <counter type="INSTRUCTION" missed="13" covered="0" />
      <counter type="LINE" missed="10" covered="0" />
      <counter type="METHOD" missed="1" covered="0" />
      <counter type="CLASS" missed="1" covered="0" />
    </sourcefile>
    <sourcefile name="source/public/New-Module.ps1">
      <line nr="79" mi="1" ci="0" mb="0" cb="0" />
      <line nr="86" mi="1" ci="0" mb="0" cb="0" />
      <line nr="100" mi="1" ci="0" mb="0" cb="0" />
      <line nr="101" mi="1" ci="0" mb="0" cb="0" />
      <line nr="106" mi="1" ci="0" mb="0" cb="0" />
      <line nr="113" mi="1" ci="0" mb="0" cb="0" />
      <line nr="123" mi="2" ci="0" mb="0" cb="0" />
      <line nr="140" mi="1" ci="0" mb="0" cb="0" />
      <line nr="141" mi="1" ci="0" mb="0" cb="0" />
      <line nr="143" mi="1" ci="0" mb="0" cb="0" />
      <line nr="144" mi="1" ci="0" mb="0" cb="0" />
      <line nr="145" mi="1" ci="0" mb="0" cb="0" />
      <line nr="146" mi="1" ci="0" mb="0" cb="0" />
      <line nr="147" mi="2" ci="0" mb="0" cb="0" />
      <line nr="148" mi="1" ci="0" mb="0" cb="0" />
      <line nr="150" mi="1" ci="0" mb="0" cb="0" />
      <line nr="154" mi="1" ci="0" mb="0" cb="0" />
      <line nr="155" mi="2" ci="0" mb="0" cb="0" />
      <line nr="156" mi="2" ci="0" mb="0" cb="0" />
      <line nr="157" mi="2" ci="0" mb="0" cb="0" />
      <line nr="158" mi="2" ci="0" mb="0" cb="0" />
      <line nr="159" mi="2" ci="0" mb="0" cb="0" />
      <line nr="160" mi="2" ci="0" mb="0" cb="0" />
      <line nr="161" mi="2" ci="0" mb="0" cb="0" />
      <line nr="164" mi="2" ci="0" mb="0" cb="0" />
      <line nr="167" mi="2" ci="0" mb="0" cb="0" />
      <line nr="170" mi="4" ci="0" mb="0" cb="0" />
      <line nr="172" mi="1" ci="0" mb="0" cb="0" />
      <line nr="173" mi="1" ci="0" mb="0" cb="0" />
      <line nr="174" mi="1" ci="0" mb="0" cb="0" />
      <line nr="177" mi="2" ci="0" mb="0" cb="0" />
      <line nr="178" mi="1" ci="0" mb="0" cb="0" />
      <line nr="179" mi="1" ci="0" mb="0" cb="0" />
      <line nr="180" mi="2" ci="0" mb="0" cb="0" />
      <line nr="181" mi="1" ci="0" mb="0" cb="0" />
      <line nr="182" mi="1" ci="0" mb="0" cb="0" />
      <line nr="183" mi="1" ci="0" mb="0" cb="0" />
      <line nr="184" mi="1" ci="0" mb="0" cb="0" />
      <line nr="185" mi="1" ci="0" mb="0" cb="0" />
      <line nr="186" mi="1" ci="0" mb="0" cb="0" />
      <line nr="187" mi="1" ci="0" mb="0" cb="0" />
      <line nr="188" mi="1" ci="0" mb="0" cb="0" />
      <line nr="190" mi="1" ci="0" mb="0" cb="0" />
      <line nr="191" mi="2" ci="0" mb="0" cb="0" />
      <line nr="193" mi="1" ci="0" mb="0" cb="0" />
      <line nr="194" mi="2" ci="0" mb="0" cb="0" />
      <line nr="196" mi="2" ci="0" mb="0" cb="0" />
      <line nr="197" mi="1" ci="0" mb="0" cb="0" />
      <line nr="198" mi="3" ci="0" mb="0" cb="0" />
      <line nr="200" mi="2" ci="0" mb="0" cb="0" />
      <line nr="203" mi="2" ci="0" mb="0" cb="0" />
      <line nr="205" mi="2" ci="0" mb="0" cb="0" />
      <line nr="207" mi="1" ci="0" mb="0" cb="0" />
      <counter type="INSTRUCTION" missed="77" covered="0" />
      <counter type="LINE" missed="53" covered="0" />
      <counter type="METHOD" missed="1" covered="0" />
      <counter type="CLASS" missed="1" covered="0" />
    </sourcefile>
    <sourcefile name="source/public/New-ModuleFunction.ps1">
      <line nr="24" mi="1" ci="0" mb="0" cb="0" />
      <line nr="31" mi="1" ci="0" mb="0" cb="0" />
      <line nr="39" mi="1" ci="0" mb="0" cb="0" />
      <line nr="40" mi="1" ci="0" mb="0" cb="0" />
      <line nr="42" mi="1" ci="0" mb="0" cb="0" />
      <line nr="43" mi="2" ci="0" mb="0" cb="0" />
      <line nr="44" mi="1" ci="0" mb="0" cb="0" />
      <line nr="46" mi="3" ci="0" mb="0" cb="0" />
      <line nr="47" mi="2" ci="0" mb="0" cb="0" />
      <line nr="48" mi="2" ci="0" mb="0" cb="0" />
      <line nr="50" mi="1" ci="0" mb="0" cb="0" />
      <line nr="51" mi="1" ci="0" mb="0" cb="0" />
      <line nr="52" mi="2" ci="0" mb="0" cb="0" />
      <line nr="53" mi="1" ci="0" mb="0" cb="0" />
      <line nr="54" mi="2" ci="0" mb="0" cb="0" />
      <line nr="56" mi="1" ci="0" mb="0" cb="0" />
      <line nr="57" mi="1" ci="0" mb="0" cb="0" />
      <line nr="58" mi="2" ci="0" mb="0" cb="0" />
      <line nr="59" mi="1" ci="0" mb="0" cb="0" />
      <line nr="60" mi="2" ci="0" mb="0" cb="0" />
      <line nr="62" mi="2" ci="0" mb="0" cb="0" />
      <line nr="64" mi="1" ci="0" mb="0" cb="0" />
      <counter type="INSTRUCTION" missed="32" covered="0" />
      <counter type="LINE" missed="22" covered="0" />
      <counter type="METHOD" missed="1" covered="0" />
      <counter type="CLASS" missed="1" covered="0" />
    </sourcefile>
    <counter type="INSTRUCTION" missed="158" covered="0" />
    <counter type="LINE" missed="111" covered="0" />
    <counter type="METHOD" missed="5" covered="0" />
    <counter type="CLASS" missed="5" covered="0" />
  </package>
  <counter type="INSTRUCTION" missed="8867" covered="40" />
  <counter type="LINE" missed="5408" covered="20" />
  <counter type="METHOD" missed="181" covered="20" />
  <counter type="CLASS" missed="94" covered="20" />
</report>
