<?xml version="1.0" encoding="utf-8" standalone="no"?>
<test-results xmlns:xsi="http://www.w3.org/2001/XMLSchema-instance" xsi:noNamespaceSchemaLocation="nunit_schema_2.5.xsd" name="Pester" total="30" errors="0" failures="8" not-run="0" inconclusive="0" ignored="0" skipped="0" invalid="0" date="2025-03-12" time="17:06:56">
  <environment machine-name="METANULL3" cwd="E:\ManageMyOwnWebServerOnWindows\source\MetaNull.ModuleMaker" clr-version="8.0.12" user="phave" platform="Microsoft Windows 10 Professionnel|C:\WINDOWS|\Device\Harddisk0\Partition2" os-version="10.0.19045" user-domain="METANULL3" nunit-version="2.5.8.0" />
  <culture-info current-culture="fr-BE" current-uiculture="fr-FR" />
  <test-suite type="TestFixture" name="Pester" executed="True" result="Failure" success="False" time="2.3446" asserts="0" description="Pester">
    <results>
      <test-suite type="TestFixture" name="E:\ManageMyOwnWebServerOnWindows\source\MetaNull.ModuleMaker\build\MetaNull.ModuleMaker\0.0.14.0\resource\dummy\test\public\Get-Dummy.Tests.ps1" executed="True" result="Failure" success="False" time="0.1298" asserts="0" description="E:\ManageMyOwnWebServerOnWindows\source\MetaNull.ModuleMaker\build\MetaNull.ModuleMaker\0.0.14.0\resource\dummy\test\public\Get-Dummy.Tests.ps1">
        <results>
          <test-suite type="TestFixture" name="Test-GetDummy" executed="True" result="Failure" success="False" time="0.0573" asserts="0" description="Test-GetDummy">
            <results>
              <test-suite type="TestFixture" name="Test-GetDummy.A dummy unit test" executed="True" result="Failure" success="False" time="0.053" asserts="0" description="Test-GetDummy.A dummy unit test">
                <results>
                  <test-case description="Should return TRUE" name="Test-GetDummy.A dummy unit test.Should return TRUE" time="0" asserts="0" success="False" result="Failure" executed="True">
                    <failure>
                      <message>This test should run but it did not. Most likely a setup in some parent block failed.</message>
                      <stack-trace />
                    </failure>
                  </test-case>
                </results>
              </test-suite>
            </results>
          </test-suite>
        </results>
      </test-suite>
      <test-suite type="TestFixture" name="E:\ManageMyOwnWebServerOnWindows\source\MetaNull.ModuleMaker\build\MetaNull.ModuleMaker\0.0.15.0\resource\dummy\test\public\Get-Dummy.Tests.ps1" executed="True" result="Failure" success="False" time="0.0578" asserts="0" description="E:\ManageMyOwnWebServerOnWindows\source\MetaNull.ModuleMaker\build\MetaNull.ModuleMaker\0.0.15.0\resource\dummy\test\public\Get-Dummy.Tests.ps1">
        <results>
          <test-suite type="TestFixture" name="Test-GetDummy" executed="True" result="Failure" success="False" time="0.0161" asserts="0" description="Test-GetDummy">
            <results>
              <test-suite type="TestFixture" name="Test-GetDummy.A dummy unit test" executed="True" result="Failure" success="False" time="0.0113" asserts="0" description="Test-GetDummy.A dummy unit test">
                <results>
                  <test-case description="Should return TRUE" name="Test-GetDummy.A dummy unit test.Should return TRUE" time="0" asserts="0" success="False" result="Failure" executed="True">
                    <failure>
                      <message>This test should run but it did not. Most likely a setup in some parent block failed.</message>
                      <stack-trace />
                    </failure>
                  </test-case>
                </results>
              </test-suite>
            </results>
          </test-suite>
        </results>
      </test-suite>
      <test-suite type="TestFixture" name="E:\ManageMyOwnWebServerOnWindows\source\MetaNull.ModuleMaker\build\MetaNull.ModuleMaker\0.0.16.0\resource\dummy\test\public\Get-Dummy.Tests.ps1" executed="True" result="Failure" success="False" time="0.058" asserts="0" description="E:\ManageMyOwnWebServerOnWindows\source\MetaNull.ModuleMaker\build\MetaNull.ModuleMaker\0.0.16.0\resource\dummy\test\public\Get-Dummy.Tests.ps1">
        <results>
          <test-suite type="TestFixture" name="Test-GetDummy" executed="True" result="Failure" success="False" time="0.0191" asserts="0" description="Test-GetDummy">
            <results>
              <test-suite type="TestFixture" name="Test-GetDummy.A dummy unit test" executed="True" result="Failure" success="False" time="0.0102" asserts="0" description="Test-GetDummy.A dummy unit test">
                <results>
                  <test-case description="Should return TRUE" name="Test-GetDummy.A dummy unit test.Should return TRUE" time="0" asserts="0" success="False" result="Failure" executed="True">
                    <failure>
                      <message>This test should run but it did not. Most likely a setup in some parent block failed.</message>
                      <stack-trace />
                    </failure>
                  </test-case>
                </results>
              </test-suite>
            </results>
          </test-suite>
        </results>
      </test-suite>
      <test-suite type="TestFixture" name="E:\ManageMyOwnWebServerOnWindows\source\MetaNull.ModuleMaker\build\MetaNull.ModuleMaker\0.0.17.0\resource\dummy\test\public\Get-Dummy.Tests.ps1" executed="True" result="Failure" success="False" time="0.0547" asserts="0" description="E:\ManageMyOwnWebServerOnWindows\source\MetaNull.ModuleMaker\build\MetaNull.ModuleMaker\0.0.17.0\resource\dummy\test\public\Get-Dummy.Tests.ps1">
        <results>
          <test-suite type="TestFixture" name="Test-GetDummy" executed="True" result="Failure" success="False" time="0.0199" asserts="0" description="Test-GetDummy">
            <results>
              <test-suite type="TestFixture" name="Test-GetDummy.A dummy unit test" executed="True" result="Failure" success="False" time="0.0151" asserts="0" description="Test-GetDummy.A dummy unit test">
                <results>
                  <test-case description="Should return TRUE" name="Test-GetDummy.A dummy unit test.Should return TRUE" time="0" asserts="0" success="False" result="Failure" executed="True">
                    <failure>
                      <message>This test should run but it did not. Most likely a setup in some parent block failed.</message>
                      <stack-trace />
                    </failure>
                  </test-case>
                </results>
              </test-suite>
            </results>
          </test-suite>
        </results>
      </test-suite>
      <test-suite type="TestFixture" name="E:\ManageMyOwnWebServerOnWindows\source\MetaNull.ModuleMaker\build\MetaNull.ModuleMaker\0.0.18.0\resource\dummy\test\public\Get-Dummy.Tests.ps1" executed="True" result="Failure" success="False" time="0.0611" asserts="0" description="E:\ManageMyOwnWebServerOnWindows\source\MetaNull.ModuleMaker\build\MetaNull.ModuleMaker\0.0.18.0\resource\dummy\test\public\Get-Dummy.Tests.ps1">
        <results>
          <test-suite type="TestFixture" name="Test-GetDummy" executed="True" result="Failure" success="False" time="0.02" asserts="0" description="Test-GetDummy">
            <results>
              <test-suite type="TestFixture" name="Test-GetDummy.A dummy unit test" executed="True" result="Failure" success="False" time="0.0155" asserts="0" description="Test-GetDummy.A dummy unit test">
                <results>
                  <test-case description="Should return TRUE" name="Test-GetDummy.A dummy unit test.Should return TRUE" time="0" asserts="0" success="False" result="Failure" executed="True">
                    <failure>
                      <message>This test should run but it did not. Most likely a setup in some parent block failed.</message>
                      <stack-trace />
                    </failure>
                  </test-case>
                </results>
              </test-suite>
            </results>
          </test-suite>
        </results>
      </test-suite>
      <test-suite type="TestFixture" name="E:\ManageMyOwnWebServerOnWindows\source\MetaNull.ModuleMaker\build\MetaNull.ModuleMaker\0.0.19.0\resource\dummy\test\public\Get-Dummy.Tests.ps1" executed="True" result="Failure" success="False" time="0.0524" asserts="0" description="E:\ManageMyOwnWebServerOnWindows\source\MetaNull.ModuleMaker\build\MetaNull.ModuleMaker\0.0.19.0\resource\dummy\test\public\Get-Dummy.Tests.ps1">
        <results>
          <test-suite type="TestFixture" name="Test-GetDummy" executed="True" result="Failure" success="False" time="0.0178" asserts="0" description="Test-GetDummy">
            <results>
              <test-suite type="TestFixture" name="Test-GetDummy.A dummy unit test" executed="True" result="Failure" success="False" time="0.0105" asserts="0" description="Test-GetDummy.A dummy unit test">
                <results>
                  <test-case description="Should return TRUE" name="Test-GetDummy.A dummy unit test.Should return TRUE" time="0" asserts="0" success="False" result="Failure" executed="True">
                    <failure>
                      <message>This test should run but it did not. Most likely a setup in some parent block failed.</message>
                      <stack-trace />
                    </failure>
                  </test-case>
                </results>
              </test-suite>
            </results>
          </test-suite>
        </results>
      </test-suite>
      <test-suite type="TestFixture" name="E:\ManageMyOwnWebServerOnWindows\source\MetaNull.ModuleMaker\build\MetaNull.ModuleMaker\0.0.20.0\resource\dummy\test\private\Get-DummyPrivate.Tests.ps1" executed="True" result="Failure" success="False" time="0.0804" asserts="0" description="E:\ManageMyOwnWebServerOnWindows\source\MetaNull.ModuleMaker\build\MetaNull.ModuleMaker\0.0.20.0\resource\dummy\test\private\Get-DummyPrivate.Tests.ps1">
        <results>
          <test-suite type="TestFixture" name="Testing private module function Get-DummyPrivate" executed="True" result="Failure" success="False" time="0.0189" asserts="0" description="Testing private module function Get-DummyPrivate">
            <results>
              <test-suite type="TestFixture" name="Testing private module function Get-DummyPrivate.A dummy unit test" executed="True" result="Failure" success="False" time="0.0147" asserts="0" description="Testing private module function Get-DummyPrivate.A dummy unit test">
                <results>
                  <test-case description="Should return TRUE" name="Testing private module function Get-DummyPrivate.A dummy unit test.Should return TRUE" time="0" asserts="0" success="False" result="Failure" executed="True">
                    <failure>
                      <message>This test should run but it did not. Most likely a setup in some parent block failed.</message>
                      <stack-trace />
                    </failure>
                  </test-case>
                </results>
              </test-suite>
            </results>
          </test-suite>
        </results>
      </test-suite>
      <test-suite type="TestFixture" name="E:\ManageMyOwnWebServerOnWindows\source\MetaNull.ModuleMaker\build\MetaNull.ModuleMaker\0.0.20.0\resource\dummy\test\public\Get-Dummy.Tests.ps1" executed="True" result="Failure" success="False" time="0.06" asserts="0" description="E:\ManageMyOwnWebServerOnWindows\source\MetaNull.ModuleMaker\build\MetaNull.ModuleMaker\0.0.20.0\resource\dummy\test\public\Get-Dummy.Tests.ps1">
        <results>
          <test-suite type="TestFixture" name="Test-GetDummy" executed="True" result="Failure" success="False" time="0.0195" asserts="0" description="Test-GetDummy">
            <results>
              <test-suite type="TestFixture" name="Test-GetDummy.A dummy unit test" executed="True" result="Failure" success="False" time="0.0152" asserts="0" description="Test-GetDummy.A dummy unit test">
                <results>
                  <test-case description="Should return TRUE" name="Test-GetDummy.A dummy unit test.Should return TRUE" time="0" asserts="0" success="False" result="Failure" executed="True">
                    <failure>
                      <message>This test should run but it did not. Most likely a setup in some parent block failed.</message>
                      <stack-trace />
                    </failure>
                  </test-case>
                </results>
              </test-suite>
            </results>
          </test-suite>
        </results>
      </test-suite>
      <test-suite type="TestFixture" name="E:\ManageMyOwnWebServerOnWindows\source\MetaNull.ModuleMaker\build\MetaNull.ModuleMaker\0.0.21.0\resource\dummy\test\private\Get-DummyPrivate.Tests.ps1" executed="True" result="Success" success="True" time="0.0807" asserts="0" description="E:\ManageMyOwnWebServerOnWindows\source\MetaNull.ModuleMaker\build\MetaNull.ModuleMaker\0.0.21.0\resource\dummy\test\private\Get-DummyPrivate.Tests.ps1">
        <results>
          <test-suite type="TestFixture" name="Testing private module function Get-DummyPrivate" executed="True" result="Success" success="True" time="0.0327" asserts="0" description="Testing private module function Get-DummyPrivate">
            <results>
              <test-suite type="TestFixture" name="Testing private module function Get-DummyPrivate.A dummy unit test" executed="True" result="Success" success="True" time="0.0259" asserts="0" description="Testing private module function Get-DummyPrivate.A dummy unit test">
                <results>
                  <test-case description="Should return TRUE" name="Testing private module function Get-DummyPrivate.A dummy unit test.Should return TRUE" time="0.017" asserts="0" success="True" result="Success" executed="True" />
                </results>
              </test-suite>
            </results>
          </test-suite>
        </results>
      </test-suite>
      <test-suite type="TestFixture" name="E:\ManageMyOwnWebServerOnWindows\source\MetaNull.ModuleMaker\build\MetaNull.ModuleMaker\0.0.21.0\resource\dummy\test\public\Get-Dummy.Tests.ps1" executed="True" result="Success" success="True" time="0.1044" asserts="0" description="E:\ManageMyOwnWebServerOnWindows\source\MetaNull.ModuleMaker\build\MetaNull.ModuleMaker\0.0.21.0\resource\dummy\test\public\Get-Dummy.Tests.ps1">
        <results>
          <test-suite type="TestFixture" name="Testing public module function Get-Dummy" executed="True" result="Success" success="True" time="0.032" asserts="0" description="Testing public module function Get-Dummy">
            <results>
              <test-suite type="TestFixture" name="Testing public module function Get-Dummy.A dummy unit test" executed="True" result="Success" success="True" time="0.0277" asserts="0" description="Testing public module function Get-Dummy.A dummy unit test">
                <results>
                  <test-case description="Should return TRUE" name="Testing public module function Get-Dummy.A dummy unit test.Should return TRUE" time="0.0151" asserts="0" success="True" result="Success" executed="True" />
                </results>
              </test-suite>
            </results>
          </test-suite>
        </results>
      </test-suite>
      <test-suite type="TestFixture" name="E:\ManageMyOwnWebServerOnWindows\source\MetaNull.ModuleMaker\build\MetaNull.ModuleMaker\0.0.22.0\resource\dummy\test\private\Get-DummyPrivate.Tests.ps1" executed="True" result="Success" success="True" time="0.0958" asserts="0" description="E:\ManageMyOwnWebServerOnWindows\source\MetaNull.ModuleMaker\build\MetaNull.ModuleMaker\0.0.22.0\resource\dummy\test\private\Get-DummyPrivate.Tests.ps1">
        <results>
          <test-suite type="TestFixture" name="Testing private module function Get-DummyPrivate" executed="True" result="Success" success="True" time="0.0418" asserts="0" description="Testing private module function Get-DummyPrivate">
            <results>
              <test-suite type="TestFixture" name="Testing private module function Get-DummyPrivate.A dummy unit test" executed="True" result="Success" success="True" time="0.0371" asserts="0" description="Testing private module function Get-DummyPrivate.A dummy unit test">
                <results>
                  <test-case description="Should return TRUE" name="Testing private module function Get-DummyPrivate.A dummy unit test.Should return TRUE" time="0.014" asserts="0" success="True" result="Success" executed="True" />
                </results>
              </test-suite>
            </results>
          </test-suite>
        </results>
      </test-suite>
      <test-suite type="TestFixture" name="E:\ManageMyOwnWebServerOnWindows\source\MetaNull.ModuleMaker\build\MetaNull.ModuleMaker\0.0.22.0\resource\dummy\test\public\Get-Dummy.Tests.ps1" executed="True" result="Success" success="True" time="0.0754" asserts="0" description="E:\ManageMyOwnWebServerOnWindows\source\MetaNull.ModuleMaker\build\MetaNull.ModuleMaker\0.0.22.0\resource\dummy\test\public\Get-Dummy.Tests.ps1">
        <results>
          <test-suite type="TestFixture" name="Testing public module function Get-Dummy" executed="True" result="Success" success="True" time="0.0224" asserts="0" description="Testing public module function Get-Dummy">
            <results>
              <test-suite type="TestFixture" name="Testing public module function Get-Dummy.A dummy unit test" executed="True" result="Success" success="True" time="0.0181" asserts="0" description="Testing public module function Get-Dummy.A dummy unit test">
                <results>
                  <test-case description="Should return TRUE" name="Testing public module function Get-Dummy.A dummy unit test.Should return TRUE" time="0.0067" asserts="0" success="True" result="Success" executed="True" />
                </results>
              </test-suite>
            </results>
          </test-suite>
        </results>
      </test-suite>
      <test-suite type="TestFixture" name="E:\ManageMyOwnWebServerOnWindows\source\MetaNull.ModuleMaker\build\MetaNull.ModuleMaker\0.0.23.0\resource\dummy\test\private\Get-DummyPrivate.Tests.ps1" executed="True" result="Success" success="True" time="0.1499" asserts="0" description="E:\ManageMyOwnWebServerOnWindows\source\MetaNull.ModuleMaker\build\MetaNull.ModuleMaker\0.0.23.0\resource\dummy\test\private\Get-DummyPrivate.Tests.ps1">
        <results>
          <test-suite type="TestFixture" name="Testing private module function Get-DummyPrivate" executed="True" result="Success" success="True" time="0.0358" asserts="0" description="Testing private module function Get-DummyPrivate">
            <results>
              <test-suite type="TestFixture" name="Testing private module function Get-DummyPrivate.A dummy unit test" executed="True" result="Success" success="True" time="0.0269" asserts="0" description="Testing private module function Get-DummyPrivate.A dummy unit test">
                <results>
                  <test-case description="Should return TRUE" name="Testing private module function Get-DummyPrivate.A dummy unit test.Should return TRUE" time="0.0059" asserts="0" success="True" result="Success" executed="True" />
                </results>
              </test-suite>
            </results>
          </test-suite>
        </results>
      </test-suite>
      <test-suite type="TestFixture" name="E:\ManageMyOwnWebServerOnWindows\source\MetaNull.ModuleMaker\build\MetaNull.ModuleMaker\0.0.23.0\resource\dummy\test\public\Get-Dummy.Tests.ps1" executed="True" result="Success" success="True" time="0.0994" asserts="0" description="E:\ManageMyOwnWebServerOnWindows\source\MetaNull.ModuleMaker\build\MetaNull.ModuleMaker\0.0.23.0\resource\dummy\test\public\Get-Dummy.Tests.ps1">
        <results>
          <test-suite type="TestFixture" name="Testing public module function Get-Dummy" executed="True" result="Success" success="True" time="0.0297" asserts="0" description="Testing public module function Get-Dummy">
            <results>
              <test-suite type="TestFixture" name="Testing public module function Get-Dummy.A dummy unit test" executed="True" result="Success" success="True" time="0.025" asserts="0" description="Testing public module function Get-Dummy.A dummy unit test">
                <results>
                  <test-case description="Should return TRUE" name="Testing public module function Get-Dummy.A dummy unit test.Should return TRUE" time="0.0124" asserts="0" success="True" result="Success" executed="True" />
                </results>
              </test-suite>
            </results>
          </test-suite>
        </results>
      </test-suite>
      <test-suite type="TestFixture" name="E:\ManageMyOwnWebServerOnWindows\source\MetaNull.ModuleMaker\build\MetaNull.ModuleMaker\0.0.24.0\resource\dummy\test\private\Get-DummyPrivate.Tests.ps1" executed="True" result="Success" success="True" time="0.0962" asserts="0" description="E:\ManageMyOwnWebServerOnWindows\source\MetaNull.ModuleMaker\build\MetaNull.ModuleMaker\0.0.24.0\resource\dummy\test\private\Get-DummyPrivate.Tests.ps1">
        <results>
          <test-suite type="TestFixture" name="Testing private module function Get-DummyPrivate" executed="True" result="Success" success="True" time="0.0324" asserts="0" description="Testing private module function Get-DummyPrivate">
            <results>
              <test-suite type="TestFixture" name="Testing private module function Get-DummyPrivate.A dummy unit test" executed="True" result="Success" success="True" time="0.025" asserts="0" description="Testing private module function Get-DummyPrivate.A dummy unit test">
                <results>
                  <test-case description="Should return TRUE" name="Testing private module function Get-DummyPrivate.A dummy unit test.Should return TRUE" time="0.005" asserts="0" success="True" result="Success" executed="True" />
                </results>
              </test-suite>
            </results>
          </test-suite>
        </results>
      </test-suite>
      <test-suite type="TestFixture" name="E:\ManageMyOwnWebServerOnWindows\source\MetaNull.ModuleMaker\build\MetaNull.ModuleMaker\0.0.24.0\resource\dummy\test\public\Get-Dummy.Tests.ps1" executed="True" result="Success" success="True" time="0.073" asserts="0" description="E:\ManageMyOwnWebServerOnWindows\source\MetaNull.ModuleMaker\build\MetaNull.ModuleMaker\0.0.24.0\resource\dummy\test\public\Get-Dummy.Tests.ps1">
        <results>
          <test-suite type="TestFixture" name="Testing public module function Get-Dummy" executed="True" result="Success" success="True" time="0.0279" asserts="0" description="Testing public module function Get-Dummy">
            <results>
              <test-suite type="TestFixture" name="Testing public module function Get-Dummy.A dummy unit test" executed="True" result="Success" success="True" time="0.0218" asserts="0" description="Testing public module function Get-Dummy.A dummy unit test">
                <results>
                  <test-case description="Should return TRUE" name="Testing public module function Get-Dummy.A dummy unit test.Should return TRUE" time="0.0121" asserts="0" success="True" result="Success" executed="True" />
                </results>
              </test-suite>
            </results>
          </test-suite>
        </results>
      </test-suite>
      <test-suite type="TestFixture" name="E:\ManageMyOwnWebServerOnWindows\source\MetaNull.ModuleMaker\build\MetaNull.ModuleMaker\0.0.25.0\resource\dummy\test\private\Get-DummyPrivate.Tests.ps1" executed="True" result="Success" success="True" time="0.063" asserts="0" description="E:\ManageMyOwnWebServerOnWindows\source\MetaNull.ModuleMaker\build\MetaNull.ModuleMaker\0.0.25.0\resource\dummy\test\private\Get-DummyPrivate.Tests.ps1">
        <results>
          <test-suite type="TestFixture" name="Testing private module function Get-DummyPrivate" executed="True" result="Success" success="True" time="0.0227" asserts="0" description="Testing private module function Get-DummyPrivate">
            <results>
              <test-suite type="TestFixture" name="Testing private module function Get-DummyPrivate.A dummy unit test" executed="True" result="Success" success="True" time="0.0175" asserts="0" description="Testing private module function Get-DummyPrivate.A dummy unit test">
                <results>
                  <test-case description="Should return TRUE" name="Testing private module function Get-DummyPrivate.A dummy unit test.Should return TRUE" time="0.0046" asserts="0" success="True" result="Success" executed="True" />
                </results>
              </test-suite>
            </results>
          </test-suite>
        </results>
      </test-suite>
      <test-suite type="TestFixture" name="E:\ManageMyOwnWebServerOnWindows\source\MetaNull.ModuleMaker\build\MetaNull.ModuleMaker\0.0.25.0\resource\dummy\test\public\Get-Dummy.Tests.ps1" executed="True" result="Success" success="True" time="0.0786" asserts="0" description="E:\ManageMyOwnWebServerOnWindows\source\MetaNull.ModuleMaker\build\MetaNull.ModuleMaker\0.0.25.0\resource\dummy\test\public\Get-Dummy.Tests.ps1">
        <results>
          <test-suite type="TestFixture" name="Testing public module function Get-Dummy" executed="True" result="Success" success="True" time="0.0268" asserts="0" description="Testing public module function Get-Dummy">
            <results>
              <test-suite type="TestFixture" name="Testing public module function Get-Dummy.A dummy unit test" executed="True" result="Success" success="True" time="0.0202" asserts="0" description="Testing public module function Get-Dummy.A dummy unit test">
                <results>
                  <test-case description="Should return TRUE" name="Testing public module function Get-Dummy.A dummy unit test.Should return TRUE" time="0.0056" asserts="0" success="True" result="Success" executed="True" />
                </results>
              </test-suite>
            </results>
          </test-suite>
        </results>
      </test-suite>
      <test-suite type="TestFixture" name="E:\ManageMyOwnWebServerOnWindows\source\MetaNull.ModuleMaker\build\MetaNull.ModuleMaker\0.0.26.0\resource\dummy\test\private\Get-DummyPrivate.Tests.ps1" executed="True" result="Success" success="True" time="0.0788" asserts="0" description="E:\ManageMyOwnWebServerOnWindows\source\MetaNull.ModuleMaker\build\MetaNull.ModuleMaker\0.0.26.0\resource\dummy\test\private\Get-DummyPrivate.Tests.ps1">
        <results>
          <test-suite type="TestFixture" name="Testing private module function Get-DummyPrivate" executed="True" result="Success" success="True" time="0.0314" asserts="0" description="Testing private module function Get-DummyPrivate">
            <results>
              <test-suite type="TestFixture" name="Testing private module function Get-DummyPrivate.A dummy unit test" executed="True" result="Success" success="True" time="0.024" asserts="0" description="Testing private module function Get-DummyPrivate.A dummy unit test">
                <results>
                  <test-case description="Should return TRUE" name="Testing private module function Get-DummyPrivate.A dummy unit test.Should return TRUE" time="0.0065" asserts="0" success="True" result="Success" executed="True" />
                </results>
              </test-suite>
            </results>
          </test-suite>
        </results>
      </test-suite>
      <test-suite type="TestFixture" name="E:\ManageMyOwnWebServerOnWindows\source\MetaNull.ModuleMaker\build\MetaNull.ModuleMaker\0.0.26.0\resource\dummy\test\public\Get-Dummy.Tests.ps1" executed="True" result="Success" success="True" time="0.0657" asserts="0" description="E:\ManageMyOwnWebServerOnWindows\source\MetaNull.ModuleMaker\build\MetaNull.ModuleMaker\0.0.26.0\resource\dummy\test\public\Get-Dummy.Tests.ps1">
        <results>
          <test-suite type="TestFixture" name="Testing public module function Get-Dummy" executed="True" result="Success" success="True" time="0.0229" asserts="0" description="Testing public module function Get-Dummy">
            <results>
              <test-suite type="TestFixture" name="Testing public module function Get-Dummy.A dummy unit test" executed="True" result="Success" success="True" time="0.0131" asserts="0" description="Testing public module function Get-Dummy.A dummy unit test">
                <results>
                  <test-case description="Should return TRUE" name="Testing public module function Get-Dummy.A dummy unit test.Should return TRUE" time="0.0057" asserts="0" success="True" result="Success" executed="True" />
                </results>
              </test-suite>
            </results>
          </test-suite>
        </results>
      </test-suite>
      <test-suite type="TestFixture" name="E:\ManageMyOwnWebServerOnWindows\source\MetaNull.ModuleMaker\build\MetaNull.ModuleMaker\0.0.27.0\resource\dummy\test\private\Get-DummyPrivate.Tests.ps1" executed="True" result="Success" success="True" time="0.0637" asserts="0" description="E:\ManageMyOwnWebServerOnWindows\source\MetaNull.ModuleMaker\build\MetaNull.ModuleMaker\0.0.27.0\resource\dummy\test\private\Get-DummyPrivate.Tests.ps1">
        <results>
          <test-suite type="TestFixture" name="Testing private module function Get-DummyPrivate" executed="True" result="Success" success="True" time="0.02" asserts="0" description="Testing private module function Get-DummyPrivate">
            <results>
              <test-suite type="TestFixture" name="Testing private module function Get-DummyPrivate.A dummy unit test" executed="True" result="Success" success="True" time="0.016" asserts="0" description="Testing private module function Get-DummyPrivate.A dummy unit test">
                <results>
                  <test-case description="Should return TRUE" name="Testing private module function Get-DummyPrivate.A dummy unit test.Should return TRUE" time="0.0045" asserts="0" success="True" result="Success" executed="True" />
                </results>
              </test-suite>
            </results>
          </test-suite>
        </results>
      </test-suite>
      <test-suite type="TestFixture" name="E:\ManageMyOwnWebServerOnWindows\source\MetaNull.ModuleMaker\build\MetaNull.ModuleMaker\0.0.27.0\resource\dummy\test\public\Get-Dummy.Tests.ps1" executed="True" result="Success" success="True" time="0.0721" asserts="0" description="E:\ManageMyOwnWebServerOnWindows\source\MetaNull.ModuleMaker\build\MetaNull.ModuleMaker\0.0.27.0\resource\dummy\test\public\Get-Dummy.Tests.ps1">
        <results>
          <test-suite type="TestFixture" name="Testing public module function Get-Dummy" executed="True" result="Success" success="True" time="0.0345" asserts="0" description="Testing public module function Get-Dummy">
            <results>
              <test-suite type="TestFixture" name="Testing public module function Get-Dummy.A dummy unit test" executed="True" result="Success" success="True" time="0.0204" asserts="0" description="Testing public module function Get-Dummy.A dummy unit test">
                <results>
                  <test-case description="Should return TRUE" name="Testing public module function Get-Dummy.A dummy unit test.Should return TRUE" time="0.005" asserts="0" success="True" result="Success" executed="True" />
                </results>
              </test-suite>
            </results>
          </test-suite>
        </results>
      </test-suite>
      <test-suite type="TestFixture" name="E:\ManageMyOwnWebServerOnWindows\source\MetaNull.ModuleMaker\build\MetaNull.ModuleMaker\0.0.28.0\resource\dummy\test\private\Get-DummyPrivate.Tests.ps1" executed="True" result="Success" success="True" time="0.0631" asserts="0" description="E:\ManageMyOwnWebServerOnWindows\source\MetaNull.ModuleMaker\build\MetaNull.ModuleMaker\0.0.28.0\resource\dummy\test\private\Get-DummyPrivate.Tests.ps1">
        <results>
          <test-suite type="TestFixture" name="Testing private module function Get-DummyPrivate" executed="True" result="Success" success="True" time="0.0208" asserts="0" description="Testing private module function Get-DummyPrivate">
            <results>
              <test-suite type="TestFixture" name="Testing private module function Get-DummyPrivate.A dummy unit test" executed="True" result="Success" success="True" time="0.0144" asserts="0" description="Testing private module function Get-DummyPrivate.A dummy unit test">
                <results>
                  <test-case description="Should return TRUE" name="Testing private module function Get-DummyPrivate.A dummy unit test.Should return TRUE" time="0.0065" asserts="0" success="True" result="Success" executed="True" />
                </results>
              </test-suite>
            </results>
          </test-suite>
        </results>
      </test-suite>
      <test-suite type="TestFixture" name="E:\ManageMyOwnWebServerOnWindows\source\MetaNull.ModuleMaker\build\MetaNull.ModuleMaker\0.0.28.0\resource\dummy\test\public\Get-Dummy.Tests.ps1" executed="True" result="Success" success="True" time="0.0571" asserts="0" description="E:\ManageMyOwnWebServerOnWindows\source\MetaNull.ModuleMaker\build\MetaNull.ModuleMaker\0.0.28.0\resource\dummy\test\public\Get-Dummy.Tests.ps1">
        <results>
          <test-suite type="TestFixture" name="Testing public module function Get-Dummy" executed="True" result="Success" success="True" time="0.0178" asserts="0" description="Testing public module function Get-Dummy">
            <results>
              <test-suite type="TestFixture" name="Testing public module function Get-Dummy.A dummy unit test" executed="True" result="Success" success="True" time="0.0117" asserts="0" description="Testing public module function Get-Dummy.A dummy unit test">
                <results>
                  <test-case description="Should return TRUE" name="Testing public module function Get-Dummy.A dummy unit test.Should return TRUE" time="0.0041" asserts="0" success="True" result="Success" executed="True" />
                </results>
              </test-suite>
            </results>
          </test-suite>
        </results>
      </test-suite>
      <test-suite type="TestFixture" name="E:\ManageMyOwnWebServerOnWindows\source\MetaNull.ModuleMaker\build\MetaNull.ModuleMaker\0.0.29.0\resource\dummy\test\private\Get-DummyPrivate.Tests.ps1" executed="True" result="Success" success="True" time="0.0601" asserts="0" description="E:\ManageMyOwnWebServerOnWindows\source\MetaNull.ModuleMaker\build\MetaNull.ModuleMaker\0.0.29.0\resource\dummy\test\private\Get-DummyPrivate.Tests.ps1">
        <results>
          <test-suite type="TestFixture" name="Testing private module function Get-DummyPrivate" executed="True" result="Success" success="True" time="0.0208" asserts="0" description="Testing private module function Get-DummyPrivate">
            <results>
              <test-suite type="TestFixture" name="Testing private module function Get-DummyPrivate.A dummy unit test" executed="True" result="Success" success="True" time="0.0168" asserts="0" description="Testing private module function Get-DummyPrivate.A dummy unit test">
                <results>
                  <test-case description="Should return TRUE" name="Testing private module function Get-DummyPrivate.A dummy unit test.Should return TRUE" time="0.0097" asserts="0" success="True" result="Success" executed="True" />
                </results>
              </test-suite>
            </results>
          </test-suite>
        </results>
      </test-suite>
      <test-suite type="TestFixture" name="E:\ManageMyOwnWebServerOnWindows\source\MetaNull.ModuleMaker\build\MetaNull.ModuleMaker\0.0.29.0\resource\dummy\test\public\Get-Dummy.Tests.ps1" executed="True" result="Success" success="True" time="0.0532" asserts="0" description="E:\ManageMyOwnWebServerOnWindows\source\MetaNull.ModuleMaker\build\MetaNull.ModuleMaker\0.0.29.0\resource\dummy\test\public\Get-Dummy.Tests.ps1">
        <results>
          <test-suite type="TestFixture" name="Testing public module function Get-Dummy" executed="True" result="Success" success="True" time="0.0192" asserts="0" description="Testing public module function Get-Dummy">
            <results>
              <test-suite type="TestFixture" name="Testing public module function Get-Dummy.A dummy unit test" executed="True" result="Success" success="True" time="0.0153" asserts="0" description="Testing public module function Get-Dummy.A dummy unit test">
                <results>
                  <test-case description="Should return TRUE" name="Testing public module function Get-Dummy.A dummy unit test.Should return TRUE" time="0.0047" asserts="0" success="True" result="Success" executed="True" />
                </results>
              </test-suite>
            </results>
          </test-suite>
        </results>
      </test-suite>
      <test-suite type="TestFixture" name="E:\ManageMyOwnWebServerOnWindows\source\MetaNull.ModuleMaker\resource\dummy\test\private\Get-DummyPrivate.Tests.ps1" executed="True" result="Success" success="True" time="0.0511" asserts="0" description="E:\ManageMyOwnWebServerOnWindows\source\MetaNull.ModuleMaker\resource\dummy\test\private\Get-DummyPrivate.Tests.ps1">
        <results>
          <test-suite type="TestFixture" name="Testing private module function Get-DummyPrivate" executed="True" result="Success" success="True" time="0.0184" asserts="0" description="Testing private module function Get-DummyPrivate">
            <results>
              <test-suite type="TestFixture" name="Testing private module function Get-DummyPrivate.A dummy unit test" executed="True" result="Success" success="True" time="0.0147" asserts="0" description="Testing private module function Get-DummyPrivate.A dummy unit test">
                <results>
                  <test-case description="Should return TRUE" name="Testing private module function Get-DummyPrivate.A dummy unit test.Should return TRUE" time="0.004" asserts="0" success="True" result="Success" executed="True" />
                </results>
              </test-suite>
            </results>
          </test-suite>
        </results>
      </test-suite>
      <test-suite type="TestFixture" name="E:\ManageMyOwnWebServerOnWindows\source\MetaNull.ModuleMaker\resource\dummy\test\public\Get-Dummy.Tests.ps1" executed="True" result="Success" success="True" time="0.0542" asserts="0" description="E:\ManageMyOwnWebServerOnWindows\source\MetaNull.ModuleMaker\resource\dummy\test\public\Get-Dummy.Tests.ps1">
        <results>
          <test-suite type="TestFixture" name="Testing public module function Get-Dummy" executed="True" result="Success" success="True" time="0.0173" asserts="0" description="Testing public module function Get-Dummy">
            <results>
              <test-suite type="TestFixture" name="Testing public module function Get-Dummy.A dummy unit test" executed="True" result="Success" success="True" time="0.0109" asserts="0" description="Testing public module function Get-Dummy.A dummy unit test">
                <results>
                  <test-case description="Should return TRUE" name="Testing public module function Get-Dummy.A dummy unit test.Should return TRUE" time="0.0047" asserts="0" success="True" result="Success" executed="True" />
                </results>
              </test-suite>
            </results>
          </test-suite>
        </results>
      </test-suite>
      <test-suite type="TestFixture" name="E:\ManageMyOwnWebServerOnWindows\source\MetaNull.ModuleMaker\test\private\Get-SamplePrivateFunction.Tests.ps1" executed="True" result="Success" success="True" time="0.1684" asserts="0" description="E:\ManageMyOwnWebServerOnWindows\source\MetaNull.ModuleMaker\test\private\Get-SamplePrivateFunction.Tests.ps1">
        <results>
          <test-suite type="TestFixture" name="Get-SamplePrivateFunction" executed="True" result="Success" success="True" time="0.1038" asserts="0" description="Get-SamplePrivateFunction">
            <results>
              <test-case description="True should be True" name="Get-SamplePrivateFunction.True should be True" time="0.0692" asserts="0" success="True" result="Success" executed="True" />
            </results>
          </test-suite>
        </results>
      </test-suite>
      <test-suite type="TestFixture" name="E:\ManageMyOwnWebServerOnWindows\source\MetaNull.ModuleMaker\test\public\Get-SamplePublicFunction.Tests.ps1" executed="True" result="Success" success="True" time="0.0866" asserts="0" description="E:\ManageMyOwnWebServerOnWindows\source\MetaNull.ModuleMaker\test\public\Get-SamplePublicFunction.Tests.ps1">
        <results>
          <test-suite type="TestFixture" name="Get-SamplePublicFunction" executed="True" result="Success" success="True" time="0.0073" asserts="0" description="Get-SamplePublicFunction">
            <results>
              <test-case description="True should be True" name="Get-SamplePublicFunction.True should be True" time="0.0025" asserts="0" success="True" result="Success" executed="True" />
            </results>
          </test-suite>
        </results>
      </test-suite>
    </results>
  </test-suite>
</test-results>